#
# There is insufficient memory for the Java Runtime Environment to continue.
# Native memory allocation (malloc) failed to allocate 134816 bytes. Error detail: Chunk::new
# Possible reasons:
#   The system is out of physical RAM or swap space
#   This process is running with CompressedOops enabled, and the Java Heap may be blocking the growth of the native heap
# Possible solutions:
#   Reduce memory load on the system
#   Increase physical memory or swap space
#   Check if swap backing store is full
#   Decrease Java heap size (-Xmx/-Xms)
#   Decrease number of Java threads
#   Decrease Java thread stack sizes (-Xss)
#   Set larger code cache with -XX:ReservedCodeCacheSize=
#   JVM is running with Unscaled Compressed Oops mode in which the Java heap is
#     placed in the first 4GB address space. The Java Heap base address is the
#     maximum limit for the native heap growth. Please use -XX:HeapBaseMinAddress
#     to set the Java Heap base and to place the Java Heap above 4GB virtual address.
# This output file may be truncated or incomplete.
#
#  Out of Memory Error (arena.cpp:168), pid=27052, tid=10128
#
# JRE version: OpenJDK Runtime Environment Temurin-21.0.10+7 (21.0.10+7) (build 21.0.10+7-LTS)
# Java VM: OpenJDK 64-Bit Server VM Temurin-21.0.10+7 (21.0.10+7-LTS, mixed mode, sharing, tiered, compressed oops, compressed class ptrs, g1 gc, windows-amd64)
# No core dump will be written. Minidumps are not enabled by default on client versions of Windows
#

---------------  S U M M A R Y ------------

Command Line: --add-opens=java.base/java.lang=ALL-UNNAMED --add-opens=java.base/java.lang.invoke=ALL-UNNAMED --add-opens=java.base/java.util=ALL-UNNAMED --add-opens=java.prefs/java.util.prefs=ALL-UNNAMED --add-exports=jdk.compiler/com.sun.tools.javac.api=ALL-UNNAMED --add-exports=jdk.compiler/com.sun.tools.javac.util=ALL-UNNAMED --add-opens=java.base/java.util=ALL-UNNAMED --add-opens=java.prefs/java.util.prefs=ALL-UNNAMED --add-opens=java.base/java.nio.charset=ALL-UNNAMED --add-opens=java.base/java.net=ALL-UNNAMED --add-opens=java.base/java.util.concurrent=ALL-UNNAMED --add-opens=java.base/java.util.concurrent.atomic=ALL-UNNAMED --add-opens=java.xml/javax.xml.namespace=ALL-UNNAMED -XX:MaxMetaspaceSize=512m -Xmx2048m -Dfile.encoding=UTF-8 -Duser.country=IN -Duser.language=en -Duser.variant -javaagent:C:\Users\sande\.gradle\wrapper\dists\gradle-9.0.0-bin\d6wjpkvcgsg3oed0qlfss3wgl\gradle-9.0.0\lib\agents\gradle-instrumentation-agent-9.0.0.jar org.gradle.launcher.daemon.bootstrap.GradleDaemon 9.0.0

Host: Intel(R) Core(TM) i5-10500H CPU @ 2.50GHz, 12 cores, 7G,  Windows 11 , 64 bit Build 26100 (10.0.26100.7920)
Time: Mon Mar  9 14:37:17 2026 India Standard Time elapsed time: 22.554890 seconds (0d 0h 0m 22s)

---------------  T H R E A D  ---------------

Current thread (0x00000219b5387210):  JavaThread "C2 CompilerThread0" daemon [_thread_in_native, id=10128, stack(0x000000a00e700000,0x000000a00e800000) (1024K)]


Current CompileTask:
C2:22555 9498       4       com.sun.crypto.provider.AESCrypt::implEncryptBlock (947 bytes)

Stack: [0x000000a00e700000,0x000000a00e800000]
Native frames: (J=compiled Java code, j=interpreted, Vv=VM code, C=native code)
V  [jvm.dll+0x6d7a39]
V  [jvm.dll+0x8b4b26]
V  [jvm.dll+0x8b70de]
V  [jvm.dll+0x8b77c3]
V  [jvm.dll+0x284346]
V  [jvm.dll+0xc66ed]
V  [jvm.dll+0xc6c31]
V  [jvm.dll+0x2fb29e]
V  [jvm.dll+0x5fe884]
V  [jvm.dll+0x255b17]
V  [jvm.dll+0x24df54]
V  [jvm.dll+0x24ba42]
V  [jvm.dll+0x1cb34e]
V  [jvm.dll+0x25b85d]
V  [jvm.dll+0x259dea]
V  [jvm.dll+0x3f857e]
V  [jvm.dll+0x85f59d]
V  [jvm.dll+0x6d626d]
C  [ucrtbase.dll+0x37b0]
C  [KERNEL32.DLL+0x2e8d7]
C  [ntdll.dll+0x8c48c]


---------------  P R O C E S S  ---------------

Threads class SMR info:
_java_thread_list=0x00000219db0fb8c0, length=90, elements={
0x000002199d7b8260, 0x00000219b536d3a0, 0x00000219b536df00, 0x00000219b5373eb0,
0x00000219b5374cc0, 0x00000219b5375720, 0x00000219b5376a50, 0x00000219b5387210,
0x00000219b538bdf0, 0x00000219b5682f70, 0x00000219b5660480, 0x00000219d5f97410,
0x00000219d5dd6830, 0x00000219d5d8ea30, 0x00000219d5fffa20, 0x00000219d5f814c0,
0x00000219d5feb700, 0x00000219d5ff7e50, 0x00000219d5ff5d80, 0x00000219d5ff8b70,
0x00000219d5ff84e0, 0x00000219d5ff77c0, 0x00000219d5ff56f0, 0x00000219d5ff6410,
0x00000219d68d14b0, 0x00000219d68d0790, 0x00000219d68d0e20, 0x00000219d68ce030,
0x00000219d68cf3e0, 0x00000219d68cfa70, 0x00000219d68ce6c0, 0x00000219d68d3580,
0x00000219d68d1b40, 0x00000219d68d21d0, 0x00000219d68d0100, 0x00000219d68d3c10,
0x00000219d68d42a0, 0x00000219d68d4930, 0x00000219d68d4fc0, 0x00000219d63692f0,
0x00000219d636a010, 0x00000219d6367f40, 0x00000219d636a6a0, 0x00000219d6368c60,
0x00000219d6367220, 0x00000219d636ba50, 0x00000219d636ad30, 0x00000219d636b3c0,
0x00000219d63685d0, 0x00000219d636c0e0, 0x00000219d636c770, 0x00000219d636ce00,
0x00000219d636d490, 0x00000219d636db20, 0x00000219d636e1b0, 0x00000219d636e840,
0x00000219d68481f0, 0x00000219d6846e40, 0x00000219d6846120, 0x00000219d6848f10,
0x00000219d6847b60, 0x00000219d6848880, 0x00000219d6845a90, 0x00000219d68495a0,
0x00000219d68474d0, 0x00000219d6849c30, 0x00000219d68467b0, 0x00000219d684c390,
0x00000219d684b670, 0x00000219d684bd00, 0x00000219d684afe0, 0x00000219d684ca20,
0x00000219d684a2c0, 0x00000219d684d0b0, 0x00000219d66dfd60, 0x00000219d66ddc90,
0x00000219d66e24c0, 0x00000219d66e2b50, 0x00000219d66e17a0, 0x00000219d66e4590,
0x00000219d66e31e0, 0x00000219d66e52b0, 0x00000219d66e1e30, 0x00000219d94bee70,
0x00000219d94be7e0, 0x00000219d94bc710, 0x00000219d94bdac0, 0x00000219d94bfb90,
0x00000219d94c0220, 0x00000219d94bcda0
}

Java Threads: ( => current thread )
  0x000002199d7b8260 JavaThread "main"                              [_thread_blocked, id=25100, stack(0x000000a00d900000,0x000000a00da00000) (1024K)]
  0x00000219b536d3a0 JavaThread "Reference Handler"          daemon [_thread_blocked, id=12704, stack(0x000000a00e100000,0x000000a00e200000) (1024K)]
  0x00000219b536df00 JavaThread "Finalizer"                  daemon [_thread_blocked, id=16784, stack(0x000000a00e200000,0x000000a00e300000) (1024K)]
  0x00000219b5373eb0 JavaThread "Signal Dispatcher"          daemon [_thread_blocked, id=23024, stack(0x000000a00e300000,0x000000a00e400000) (1024K)]
  0x00000219b5374cc0 JavaThread "Attach Listener"            daemon [_thread_blocked, id=8820, stack(0x000000a00e400000,0x000000a00e500000) (1024K)]
  0x00000219b5375720 JavaThread "Service Thread"             daemon [_thread_blocked, id=26668, stack(0x000000a00e500000,0x000000a00e600000) (1024K)]
  0x00000219b5376a50 JavaThread "Monitor Deflation Thread"   daemon [_thread_blocked, id=27064, stack(0x000000a00e600000,0x000000a00e700000) (1024K)]
=>0x00000219b5387210 JavaThread "C2 CompilerThread0"         daemon [_thread_in_native, id=10128, stack(0x000000a00e700000,0x000000a00e800000) (1024K)]
  0x00000219b538bdf0 JavaThread "C1 CompilerThread0"         daemon [_thread_blocked, id=30196, stack(0x000000a00e800000,0x000000a00e900000) (1024K)]
  0x00000219b5682f70 JavaThread "Common-Cleaner"             daemon [_thread_blocked, id=10792, stack(0x000000a00e900000,0x000000a00ea00000) (1024K)]
  0x00000219b5660480 JavaThread "Notification Thread"        daemon [_thread_blocked, id=30356, stack(0x000000a00ea00000,0x000000a00eb00000) (1024K)]
  0x00000219d5f97410 JavaThread "Daemon health stats"               [_thread_blocked, id=8144, stack(0x000000a00f200000,0x000000a00f300000) (1024K)]
  0x00000219d5dd6830 JavaThread "Incoming local TCP Connector on port 52817"        [_thread_in_native, id=30596, stack(0x000000a00f300000,0x000000a00f400000) (1024K)]
  0x00000219d5d8ea30 JavaThread "Daemon periodic checks"            [_thread_blocked, id=12544, stack(0x000000a00f400000,0x000000a00f500000) (1024K)]
  0x00000219d5fffa20 JavaThread "Daemon"                            [_thread_blocked, id=25244, stack(0x000000a00f500000,0x000000a00f600000) (1024K)]
  0x00000219d5f814c0 JavaThread "Handler for socket connection from /127.0.0.1:52817 to /127.0.0.1:52818"        [_thread_in_native, id=27356, stack(0x000000a00f600000,0x000000a00f700000) (1024K)]
  0x00000219d5feb700 JavaThread "Cancel handler"                    [_thread_blocked, id=16768, stack(0x000000a00f700000,0x000000a00f800000) (1024K)]
  0x00000219d5ff7e50 JavaThread "Daemon worker"                     [_thread_in_Java, id=23476, stack(0x000000a00f800000,0x000000a00f900000) (1024K)]
  0x00000219d5ff5d80 JavaThread "Asynchronous log dispatcher for DefaultDaemonConnection: socket connection from /127.0.0.1:52817 to /127.0.0.1:52818"        [_thread_blocked, id=23640, stack(0x000000a00f900000,0x000000a00fa00000) (1024K)]
  0x00000219d5ff8b70 JavaThread "Stdin handler"                     [_thread_blocked, id=26180, stack(0x000000a00fa00000,0x000000a00fb00000) (1024K)]
  0x00000219d5ff84e0 JavaThread "Daemon client event forwarder"        [_thread_blocked, id=9760, stack(0x000000a00fb00000,0x000000a00fc00000) (1024K)]
  0x00000219d5ff77c0 JavaThread "Cache worker for journal cache (C:\Users\sande\.gradle\caches\journal-1)"        [_thread_blocked, id=25836, stack(0x000000a00fc00000,0x000000a00fd00000) (1024K)]
  0x00000219d5ff56f0 JavaThread "File lock request listener"        [_thread_in_native, id=23872, stack(0x000000a00fd00000,0x000000a00fe00000) (1024K)]
  0x00000219d5ff6410 JavaThread "Cache worker for file hash cache (C:\Users\sande\.gradle\caches\9.0.0\fileHashes)"        [_thread_blocked, id=12876, stack(0x000000a00fe00000,0x000000a00ff00000) (1024K)]
  0x00000219d68d14b0 JavaThread "Cache worker for file hash cache (C:\Users\sande\Desktop\Zipto_Source\android\.gradle\9.0.0\fileHashes)"        [_thread_blocked, id=22100, stack(0x000000a010400000,0x000000a010500000) (1024K)]
  0x00000219d68d0790 JavaThread "Cache worker for Build Output Cleanup Cache (C:\Users\sande\Desktop\Zipto_Source\android\.gradle\buildOutputCleanup)"        [_thread_blocked, id=23676, stack(0x000000a010500000,0x000000a010600000) (1024K)]
  0x00000219d68d0e20 JavaThread "File watcher server"        daemon [_thread_in_native, id=22416, stack(0x000000a010600000,0x000000a010700000) (1024K)]
  0x00000219d68ce030 JavaThread "File watcher consumer"      daemon [_thread_blocked, id=30016, stack(0x000000a010700000,0x000000a010800000) (1024K)]
  0x00000219d68cf3e0 JavaThread "Cache worker for checksums cache (C:\Users\sande\Desktop\Zipto_Source\android\.gradle\9.0.0\checksums)"        [_thread_blocked, id=15728, stack(0x000000a010800000,0x000000a010900000) (1024K)]
  0x00000219d68cfa70 JavaThread "Cache worker for file content cache (C:\Users\sande\.gradle\caches\9.0.0\fileContent)"        [_thread_blocked, id=5796, stack(0x000000a010900000,0x000000a010a00000) (1024K)]
  0x00000219d68ce6c0 JavaThread "Cache worker for cache directory md-supplier (C:\Users\sande\.gradle\caches\9.0.0\md-supplier)"        [_thread_blocked, id=30228, stack(0x000000a010a00000,0x000000a010b00000) (1024K)]
  0x00000219d68d3580 JavaThread "Cache worker for cache directory md-rule (C:\Users\sande\.gradle\caches\9.0.0\md-rule)"        [_thread_blocked, id=12312, stack(0x000000a010b00000,0x000000a010c00000) (1024K)]
  0x00000219d68d1b40 JavaThread "jar transforms"                    [_thread_blocked, id=25356, stack(0x000000a010c00000,0x000000a010d00000) (1024K)]
  0x00000219d68d21d0 JavaThread "Cache worker for Build Output Cleanup Cache (C:\Users\sande\Desktop\Zipto_Source\node_modules\@react-native\gradle-plugin\.gradle\buildOutputCleanup)"        [_thread_blocked, id=11192, stack(0x000000a010e00000,0x000000a010f00000) (1024K)]
  0x00000219d68d0100 JavaThread "Unconstrained build operations"        [_thread_blocked, id=7388, stack(0x000000a010d00000,0x000000a010e00000) (1024K)]
  0x00000219d68d3c10 JavaThread "Unconstrained build operations Thread 2"        [_thread_blocked, id=27612, stack(0x000000a010f00000,0x000000a011000000) (1024K)]
  0x00000219d68d42a0 JavaThread "Unconstrained build operations Thread 3"        [_thread_blocked, id=4436, stack(0x000000a011000000,0x000000a011100000) (1024K)]
  0x00000219d68d4930 JavaThread "Unconstrained build operations Thread 4"        [_thread_blocked, id=24396, stack(0x000000a011100000,0x000000a011200000) (1024K)]
  0x00000219d68d4fc0 JavaThread "Unconstrained build operations Thread 5"        [_thread_blocked, id=13288, stack(0x000000a011200000,0x000000a011300000) (1024K)]
  0x00000219d63692f0 JavaThread "Unconstrained build operations Thread 6"        [_thread_blocked, id=23908, stack(0x000000a011300000,0x000000a011400000) (1024K)]
  0x00000219d636a010 JavaThread "Unconstrained build operations Thread 7"        [_thread_blocked, id=30572, stack(0x000000a011500000,0x000000a011600000) (1024K)]
  0x00000219d6367f40 JavaThread "Unconstrained build operations Thread 8"        [_thread_blocked, id=6360, stack(0x000000a011600000,0x000000a011700000) (1024K)]
  0x00000219d636a6a0 JavaThread "Unconstrained build operations Thread 9"        [_thread_blocked, id=28052, stack(0x000000a011700000,0x000000a011800000) (1024K)]
  0x00000219d6368c60 JavaThread "Unconstrained build operations Thread 10"        [_thread_blocked, id=26756, stack(0x000000a011800000,0x000000a011900000) (1024K)]
  0x00000219d6367220 JavaThread "Unconstrained build operations Thread 11"        [_thread_blocked, id=13428, stack(0x000000a011900000,0x000000a011a00000) (1024K)]
  0x00000219d636ba50 JavaThread "Unconstrained build operations Thread 12"        [_thread_blocked, id=4416, stack(0x000000a011a00000,0x000000a011b00000) (1024K)]
  0x00000219d636ad30 JavaThread "Unconstrained build operations Thread 13"        [_thread_blocked, id=17120, stack(0x000000a011b00000,0x000000a011c00000) (1024K)]
  0x00000219d636b3c0 JavaThread "Unconstrained build operations Thread 14"        [_thread_blocked, id=24184, stack(0x000000a011c00000,0x000000a011d00000) (1024K)]
  0x00000219d63685d0 JavaThread "Unconstrained build operations Thread 15"        [_thread_blocked, id=12784, stack(0x000000a011d00000,0x000000a011e00000) (1024K)]
  0x00000219d636c0e0 JavaThread "Unconstrained build operations Thread 16"        [_thread_blocked, id=22720, stack(0x000000a011e00000,0x000000a011f00000) (1024K)]
  0x00000219d636c770 JavaThread "Unconstrained build operations Thread 17"        [_thread_blocked, id=5784, stack(0x000000a011f00000,0x000000a012000000) (1024K)]
  0x00000219d636ce00 JavaThread "Unconstrained build operations Thread 18"        [_thread_blocked, id=25528, stack(0x000000a012000000,0x000000a012100000) (1024K)]
  0x00000219d636d490 JavaThread "Unconstrained build operations Thread 19"        [_thread_blocked, id=20576, stack(0x000000a012100000,0x000000a012200000) (1024K)]
  0x00000219d636db20 JavaThread "Unconstrained build operations Thread 20"        [_thread_blocked, id=22508, stack(0x000000a012200000,0x000000a012300000) (1024K)]
  0x00000219d636e1b0 JavaThread "Unconstrained build operations Thread 21"        [_thread_blocked, id=25644, stack(0x000000a012300000,0x000000a012400000) (1024K)]
  0x00000219d636e840 JavaThread "Unconstrained build operations Thread 22"        [_thread_blocked, id=13352, stack(0x000000a012400000,0x000000a012500000) (1024K)]
  0x00000219d68481f0 JavaThread "Unconstrained build operations Thread 23"        [_thread_blocked, id=28508, stack(0x000000a012500000,0x000000a012600000) (1024K)]
  0x00000219d6846e40 JavaThread "Unconstrained build operations Thread 24"        [_thread_blocked, id=28144, stack(0x000000a012600000,0x000000a012700000) (1024K)]
  0x00000219d6846120 JavaThread "Unconstrained build operations Thread 25"        [_thread_blocked, id=27600, stack(0x000000a012700000,0x000000a012800000) (1024K)]
  0x00000219d6848f10 JavaThread "Unconstrained build operations Thread 26"        [_thread_blocked, id=24432, stack(0x000000a012800000,0x000000a012900000) (1024K)]
  0x00000219d6847b60 JavaThread "Unconstrained build operations Thread 27"        [_thread_blocked, id=4384, stack(0x000000a012900000,0x000000a012a00000) (1024K)]
  0x00000219d6848880 JavaThread "Unconstrained build operations Thread 28"        [_thread_blocked, id=24320, stack(0x000000a012a00000,0x000000a012b00000) (1024K)]
  0x00000219d6845a90 JavaThread "Unconstrained build operations Thread 29"        [_thread_blocked, id=3768, stack(0x000000a012b00000,0x000000a012c00000) (1024K)]
  0x00000219d68495a0 JavaThread "Unconstrained build operations Thread 30"        [_thread_blocked, id=24384, stack(0x000000a012c00000,0x000000a012d00000) (1024K)]
  0x00000219d68474d0 JavaThread "Unconstrained build operations Thread 31"        [_thread_blocked, id=26920, stack(0x000000a012d00000,0x000000a012e00000) (1024K)]
  0x00000219d6849c30 JavaThread "Unconstrained build operations Thread 32"        [_thread_blocked, id=15816, stack(0x000000a012e00000,0x000000a012f00000) (1024K)]
  0x00000219d68467b0 JavaThread "Unconstrained build operations Thread 33"        [_thread_blocked, id=14276, stack(0x000000a012f00000,0x000000a013000000) (1024K)]
  0x00000219d684c390 JavaThread "Unconstrained build operations Thread 34"        [_thread_blocked, id=30712, stack(0x000000a013000000,0x000000a013100000) (1024K)]
  0x00000219d684b670 JavaThread "Unconstrained build operations Thread 35"        [_thread_blocked, id=6688, stack(0x000000a013100000,0x000000a013200000) (1024K)]
  0x00000219d684bd00 JavaThread "Unconstrained build operations Thread 36"        [_thread_blocked, id=28684, stack(0x000000a013200000,0x000000a013300000) (1024K)]
  0x00000219d684afe0 JavaThread "Unconstrained build operations Thread 37"        [_thread_blocked, id=20496, stack(0x000000a013300000,0x000000a013400000) (1024K)]
  0x00000219d684ca20 JavaThread "Unconstrained build operations Thread 38"        [_thread_blocked, id=20908, stack(0x000000a013400000,0x000000a013500000) (1024K)]
  0x00000219d684a2c0 JavaThread "Unconstrained build operations Thread 39"        [_thread_blocked, id=19764, stack(0x000000a013500000,0x000000a013600000) (1024K)]
  0x00000219d684d0b0 JavaThread "build event listener"              [_thread_blocked, id=21228, stack(0x000000a013600000,0x000000a013700000) (1024K)]
  0x00000219d66dfd60 JavaThread "Memory manager"                    [_thread_blocked, id=20880, stack(0x000000a00eb00000,0x000000a00ec00000) (1024K)]
  0x00000219d66ddc90 JavaThread "ForkJoinPool.commonPool-worker-1" daemon [_thread_blocked, id=8276, stack(0x000000a013700000,0x000000a013800000) (1024K)]
  0x00000219d66e24c0 JavaThread "ForkJoinPool.commonPool-worker-2" daemon [_thread_blocked, id=26828, stack(0x000000a013800000,0x000000a013900000) (1024K)]
  0x00000219d66e2b50 JavaThread "ForkJoinPool.commonPool-worker-3" daemon [_thread_blocked, id=15852, stack(0x000000a013900000,0x000000a013a00000) (1024K)]
  0x00000219d66e17a0 JavaThread "ForkJoinPool.commonPool-worker-4" daemon [_thread_blocked, id=27408, stack(0x000000a013a00000,0x000000a013b00000) (1024K)]
  0x00000219d66e4590 JavaThread "ForkJoinPool.commonPool-worker-5" daemon [_thread_blocked, id=6992, stack(0x000000a013b00000,0x000000a013c00000) (1024K)]
  0x00000219d66e31e0 JavaThread "ForkJoinPool.commonPool-worker-6" daemon [_thread_blocked, id=16512, stack(0x000000a013c00000,0x000000a013d00000) (1024K)]
  0x00000219d66e52b0 JavaThread "ForkJoinPool.commonPool-worker-7" daemon [_thread_blocked, id=29144, stack(0x000000a013d00000,0x000000a013e00000) (1024K)]
  0x00000219d66e1e30 JavaThread "ForkJoinPool.commonPool-worker-8" daemon [_thread_blocked, id=6436, stack(0x000000a013e00000,0x000000a013f00000) (1024K)]
  0x00000219d94bee70 JavaThread "ForkJoinPool.commonPool-worker-9" daemon [_thread_blocked, id=30716, stack(0x000000a013f00000,0x000000a014000000) (1024K)]
  0x00000219d94be7e0 JavaThread "ForkJoinPool.commonPool-worker-10" daemon [_thread_blocked, id=28812, stack(0x000000a014000000,0x000000a014100000) (1024K)]
  0x00000219d94bc710 JavaThread "ForkJoinPool.commonPool-worker-11" daemon [_thread_blocked, id=9264, stack(0x000000a014100000,0x000000a014200000) (1024K)]
  0x00000219d94bdac0 JavaThread "Exec process"                      [_thread_blocked, id=27732, stack(0x000000a014200000,0x000000a014300000) (1024K)]
  0x00000219d94bfb90 JavaThread "Exec process Thread 2"             [_thread_blocked, id=20008, stack(0x000000a014300000,0x000000a014400000) (1024K)]
  0x00000219d94c0220 JavaThread "Exec process Thread 3"             [_thread_blocked, id=14732, stack(0x000000a014400000,0x000000a014500000) (1024K)]
  0x00000219d94bcda0 JavaThread "Keep-Alive-Timer"           daemon [_thread_blocked, id=1952, stack(0x000000a011400000,0x000000a011500000) (1024K)]
Total: 90

Other Threads:
  0x00000219b534dda0 VMThread "VM Thread"                           [id=27784, stack(0x000000a00e000000,0x000000a00e100000) (1024K)]
  0x00000219b5334130 WatcherThread "VM Periodic Task Thread"        [id=22504, stack(0x000000a00df00000,0x000000a00e000000) (1024K)]
  0x000002199d80c050 WorkerThread "GC Thread#0"                     [id=21148, stack(0x000000a00da00000,0x000000a00db00000) (1024K)]
  0x00000219b59118d0 WorkerThread "GC Thread#1"                     [id=30036, stack(0x000000a00ec00000,0x000000a00ed00000) (1024K)]
  0x00000219b58acbf0 WorkerThread "GC Thread#2"                     [id=23948, stack(0x000000a00ed00000,0x000000a00ee00000) (1024K)]
  0x00000219d53c02e0 WorkerThread "GC Thread#3"                     [id=13284, stack(0x000000a00ee00000,0x000000a00ef00000) (1024K)]
  0x00000219d53050e0 WorkerThread "GC Thread#4"                     [id=1964, stack(0x000000a00ef00000,0x000000a00f000000) (1024K)]
  0x00000219d5e4b8a0 WorkerThread "GC Thread#5"                     [id=7320, stack(0x000000a00f000000,0x000000a00f100000) (1024K)]
  0x00000219d5ea6c20 WorkerThread "GC Thread#6"                     [id=30200, stack(0x000000a00f100000,0x000000a00f200000) (1024K)]
  0x00000219d5fec520 WorkerThread "GC Thread#7"                     [id=23796, stack(0x000000a00ff00000,0x000000a010000000) (1024K)]
  0x00000219d5fed030 WorkerThread "GC Thread#8"                     [id=29592, stack(0x000000a010000000,0x000000a010100000) (1024K)]
  0x00000219d5fecc80 WorkerThread "GC Thread#9"                     [id=22132, stack(0x000000a010100000,0x000000a010200000) (1024K)]
  0x000002199d81cf50 ConcurrentGCThread "G1 Main Marker"            [id=22472, stack(0x000000a00db00000,0x000000a00dc00000) (1024K)]
  0x000002199d81f020 WorkerThread "G1 Conc#0"                       [id=29540, stack(0x000000a00dc00000,0x000000a00dd00000) (1024K)]
  0x00000219d9085e50 WorkerThread "G1 Conc#1"                       [id=20772, stack(0x000000a010200000,0x000000a010300000) (1024K)]
  0x00000219d9086200 WorkerThread "G1 Conc#2"                       [id=6212, stack(0x000000a010300000,0x000000a010400000) (1024K)]
  0x000002199d86e900 ConcurrentGCThread "G1 Refine#0"               [id=412, stack(0x000000a00dd00000,0x000000a00de00000) (1024K)]
  0x00000219b52065a0 ConcurrentGCThread "G1 Service"                [id=23120, stack(0x000000a00de00000,0x000000a00df00000) (1024K)]
Total: 18

Threads with active compile tasks:
C2 CompilerThread0  23445 9498       4       com.sun.crypto.provider.AESCrypt::implEncryptBlock (947 bytes)
Total: 1

VM state: not at safepoint (normal execution)

VM Mutex/Monitor currently owned by a thread: None

Heap address: 0x0000000080000000, size: 2048 MB, Compressed Oops mode: 32-bit

CDS archive(s) mapped at: [0x00000219b6000000-0x00000219b6ba0000-0x00000219b6ba0000), size 12189696, SharedBaseAddress: 0x00000219b6000000, ArchiveRelocationMode: 1.
Compressed class space mapped at: 0x00000219b7000000-0x00000219d1000000, reserved size: 436207616
Narrow klass base: 0x00000219b6000000, Narrow klass shift: 0, Narrow klass range: 0x100000000

GC Precious Log:
 CardTable entry size: 512
 Card Set container configuration: InlinePtr #cards 5 size 8 Array Of Cards #cards 12 size 40 Howl #buckets 4 coarsen threshold 1843 Howl Bitmap #cards 512 size 80 coarsen threshold 460 Card regions per heap region 1 cards per card region 2048
 CPUs: 12 total, 12 available
 Memory: 8059M
 Large Page Support: Disabled
 NUMA Support: Disabled
 Compressed Oops: Enabled (32-bit)
 Heap Region Size: 1M
 Heap Min Capacity: 8M
 Heap Initial Capacity: 126M
 Heap Max Capacity: 2G
 Pre-touch: Disabled
 Parallel Workers: 10
 Concurrent Workers: 3
 Concurrent Refinement Workers: 10
 Periodic GC: Disabled

Heap:
 garbage-first heap   total 137216K, used 102928K [0x0000000080000000, 0x0000000100000000)
  region size 1024K, 46 young (47104K), 9 survivors (9216K)
 Metaspace       used 77402K, committed 79680K, reserved 557056K
  class space    used 11272K, committed 12416K, reserved 425984K

Heap Regions: E=young(eden), S=young(survivor), O=old, HS=humongous(starts), HC=humongous(continues), CS=collection set, F=free, TAMS=top-at-mark-start, PB=parsable bottom
|   0|0x0000000080000000, 0x0000000080100000, 0x0000000080100000|100%|HS|  |TAMS 0x0000000080000000| PB 0x0000000080000000| Complete 
|   1|0x0000000080100000, 0x0000000080200000, 0x0000000080200000|100%|HC|  |TAMS 0x0000000080100000| PB 0x0000000080100000| Complete 
|   2|0x0000000080200000, 0x0000000080300000, 0x0000000080300000|100%|HC|  |TAMS 0x0000000080200000| PB 0x0000000080200000| Complete 
|   3|0x0000000080300000, 0x0000000080400000, 0x0000000080400000|100%| O|  |TAMS 0x0000000080300000| PB 0x0000000080300000| Untracked 
|   4|0x0000000080400000, 0x0000000080500000, 0x0000000080500000|100%| O|  |TAMS 0x0000000080400000| PB 0x0000000080400000| Untracked 
|   5|0x0000000080500000, 0x0000000080600000, 0x0000000080600000|100%| O|  |TAMS 0x0000000080500000| PB 0x0000000080500000| Untracked 
|   6|0x0000000080600000, 0x0000000080700000, 0x0000000080700000|100%|HS|  |TAMS 0x0000000080600000| PB 0x0000000080600000| Complete 
|   7|0x0000000080700000, 0x0000000080800000, 0x0000000080800000|100%| O|  |TAMS 0x0000000080700000| PB 0x0000000080700000| Untracked 
|   8|0x0000000080800000, 0x0000000080900000, 0x0000000080900000|100%| O|  |TAMS 0x0000000080800000| PB 0x0000000080800000| Untracked 
|   9|0x0000000080900000, 0x0000000080a00000, 0x0000000080a00000|100%| O|  |TAMS 0x0000000080900000| PB 0x0000000080900000| Untracked 
|  10|0x0000000080a00000, 0x0000000080b00000, 0x0000000080b00000|100%| O|  |TAMS 0x0000000080a00000| PB 0x0000000080a00000| Untracked 
|  11|0x0000000080b00000, 0x0000000080c00000, 0x0000000080c00000|100%| O|  |TAMS 0x0000000080b00000| PB 0x0000000080b00000| Untracked 
|  12|0x0000000080c00000, 0x0000000080d00000, 0x0000000080d00000|100%| O|  |TAMS 0x0000000080c00000| PB 0x0000000080c00000| Untracked 
|  13|0x0000000080d00000, 0x0000000080e00000, 0x0000000080e00000|100%| O|  |TAMS 0x0000000080d00000| PB 0x0000000080d00000| Untracked 
|  14|0x0000000080e00000, 0x0000000080f00000, 0x0000000080f00000|100%| O|  |TAMS 0x0000000080e00000| PB 0x0000000080e00000| Untracked 
|  15|0x0000000080f00000, 0x0000000081000000, 0x0000000081000000|100%| O|  |TAMS 0x0000000080f00000| PB 0x0000000080f00000| Untracked 
|  16|0x0000000081000000, 0x0000000081100000, 0x0000000081100000|100%| O|  |TAMS 0x0000000081000000| PB 0x0000000081000000| Untracked 
|  17|0x0000000081100000, 0x0000000081200000, 0x0000000081200000|100%| O|  |TAMS 0x0000000081100000| PB 0x0000000081100000| Untracked 
|  18|0x0000000081200000, 0x0000000081300000, 0x0000000081300000|100%| O|  |TAMS 0x0000000081200000| PB 0x0000000081200000| Untracked 
|  19|0x0000000081300000, 0x0000000081400000, 0x0000000081400000|100%| O|  |TAMS 0x0000000081300000| PB 0x0000000081300000| Untracked 
|  20|0x0000000081400000, 0x0000000081500000, 0x0000000081500000|100%| O|  |TAMS 0x0000000081400000| PB 0x0000000081400000| Untracked 
|  21|0x0000000081500000, 0x0000000081600000, 0x0000000081600000|100%| O|  |TAMS 0x0000000081500000| PB 0x0000000081500000| Untracked 
|  22|0x0000000081600000, 0x0000000081700000, 0x0000000081700000|100%| O|  |TAMS 0x0000000081600000| PB 0x0000000081600000| Untracked 
|  23|0x0000000081700000, 0x0000000081800000, 0x0000000081800000|100%| O|  |TAMS 0x0000000081700000| PB 0x0000000081700000| Untracked 
|  24|0x0000000081800000, 0x0000000081900000, 0x0000000081900000|100%| O|  |TAMS 0x0000000081800000| PB 0x0000000081800000| Untracked 
|  25|0x0000000081900000, 0x0000000081a00000, 0x0000000081a00000|100%| O|  |TAMS 0x0000000081900000| PB 0x0000000081900000| Untracked 
|  26|0x0000000081a00000, 0x0000000081b00000, 0x0000000081b00000|100%| O|  |TAMS 0x0000000081a00000| PB 0x0000000081a00000| Untracked 
|  27|0x0000000081b00000, 0x0000000081c00000, 0x0000000081c00000|100%| O|  |TAMS 0x0000000081b00000| PB 0x0000000081b00000| Untracked 
|  28|0x0000000081c00000, 0x0000000081d00000, 0x0000000081d00000|100%| O|  |TAMS 0x0000000081c00000| PB 0x0000000081c00000| Untracked 
|  29|0x0000000081d00000, 0x0000000081e00000, 0x0000000081e00000|100%| O|  |TAMS 0x0000000081d00000| PB 0x0000000081d00000| Untracked 
|  30|0x0000000081e00000, 0x0000000081f00000, 0x0000000081f00000|100%| O|  |TAMS 0x0000000081e00000| PB 0x0000000081e00000| Untracked 
|  31|0x0000000081f00000, 0x0000000082000000, 0x0000000082000000|100%| O|  |TAMS 0x0000000081f00000| PB 0x0000000081f00000| Untracked 
|  32|0x0000000082000000, 0x0000000082100000, 0x0000000082100000|100%| O|Cm|TAMS 0x0000000082000000| PB 0x0000000082000000| Complete 
|  33|0x0000000082100000, 0x0000000082200000, 0x0000000082200000|100%| O|  |TAMS 0x0000000082100000| PB 0x0000000082100000| Untracked 
|  34|0x0000000082200000, 0x0000000082300000, 0x0000000082300000|100%|HS|  |TAMS 0x0000000082200000| PB 0x0000000082200000| Complete 
|  35|0x0000000082300000, 0x0000000082400000, 0x0000000082400000|100%|HC|  |TAMS 0x0000000082300000| PB 0x0000000082300000| Complete 
|  36|0x0000000082400000, 0x0000000082500000, 0x0000000082500000|100%|HC|  |TAMS 0x0000000082400000| PB 0x0000000082400000| Complete 
|  37|0x0000000082500000, 0x0000000082600000, 0x0000000082600000|100%|HS|  |TAMS 0x0000000082500000| PB 0x0000000082500000| Complete 
|  38|0x0000000082600000, 0x0000000082700000, 0x0000000082700000|100%|HC|  |TAMS 0x0000000082600000| PB 0x0000000082600000| Complete 
|  39|0x0000000082700000, 0x0000000082800000, 0x0000000082800000|100%|HC|  |TAMS 0x0000000082700000| PB 0x0000000082700000| Complete 
|  40|0x0000000082800000, 0x0000000082900000, 0x0000000082900000|100%| O|  |TAMS 0x0000000082800000| PB 0x0000000082800000| Untracked 
|  41|0x0000000082900000, 0x0000000082a00000, 0x0000000082a00000|100%| O|  |TAMS 0x0000000082900000| PB 0x0000000082900000| Untracked 
|  42|0x0000000082a00000, 0x0000000082b00000, 0x0000000082b00000|100%| O|  |TAMS 0x0000000082a00000| PB 0x0000000082a00000| Untracked 
|  43|0x0000000082b00000, 0x0000000082c00000, 0x0000000082c00000|100%| O|  |TAMS 0x0000000082b00000| PB 0x0000000082b00000| Untracked 
|  44|0x0000000082c00000, 0x0000000082d00000, 0x0000000082d00000|100%| O|  |TAMS 0x0000000082c00000| PB 0x0000000082c00000| Untracked 
|  45|0x0000000082d00000, 0x0000000082e00000, 0x0000000082e00000|100%| O|  |TAMS 0x0000000082d00000| PB 0x0000000082d00000| Untracked 
|  46|0x0000000082e00000, 0x0000000082f00000, 0x0000000082f00000|100%| O|  |TAMS 0x0000000082e00000| PB 0x0000000082e00000| Untracked 
|  47|0x0000000082f00000, 0x0000000083000000, 0x0000000083000000|100%| O|  |TAMS 0x0000000082f00000| PB 0x0000000082f00000| Untracked 
|  48|0x0000000083000000, 0x0000000083100000, 0x0000000083100000|100%| O|  |TAMS 0x0000000083000000| PB 0x0000000083000000| Untracked 
|  49|0x0000000083100000, 0x0000000083200000, 0x0000000083200000|100%| O|Cm|TAMS 0x0000000083100000| PB 0x0000000083100000| Complete 
|  50|0x0000000083200000, 0x0000000083300000, 0x0000000083300000|100%| O|  |TAMS 0x0000000083200000| PB 0x0000000083200000| Untracked 
|  51|0x0000000083300000, 0x0000000083400000, 0x0000000083400000|100%| O|  |TAMS 0x0000000083300000| PB 0x0000000083300000| Untracked 
|  52|0x0000000083400000, 0x0000000083500000, 0x0000000083500000|100%| O|  |TAMS 0x0000000083400000| PB 0x0000000083400000| Untracked 
|  53|0x0000000083500000, 0x0000000083600000, 0x0000000083600000|100%| O|  |TAMS 0x0000000083500000| PB 0x0000000083500000| Untracked 
|  54|0x0000000083600000, 0x00000000836840a8, 0x0000000083700000| 51%| O|  |TAMS 0x0000000083600000| PB 0x0000000083600000| Untracked 
|  55|0x0000000083700000, 0x0000000083700000, 0x0000000083800000|  0%| F|  |TAMS 0x0000000083700000| PB 0x0000000083700000| Untracked 
|  56|0x0000000083800000, 0x0000000083800000, 0x0000000083900000|  0%| F|  |TAMS 0x0000000083800000| PB 0x0000000083800000| Untracked 
|  57|0x0000000083900000, 0x0000000083900000, 0x0000000083a00000|  0%| F|  |TAMS 0x0000000083900000| PB 0x0000000083900000| Untracked 
|  58|0x0000000083a00000, 0x0000000083a00000, 0x0000000083b00000|  0%| F|  |TAMS 0x0000000083a00000| PB 0x0000000083a00000| Untracked 
|  59|0x0000000083b00000, 0x0000000083c00000, 0x0000000083c00000|100%| S|CS|TAMS 0x0000000083b00000| PB 0x0000000083b00000| Complete 
|  60|0x0000000083c00000, 0x0000000083c00000, 0x0000000083d00000|  0%| F|  |TAMS 0x0000000083c00000| PB 0x0000000083c00000| Untracked 
|  61|0x0000000083d00000, 0x0000000083d00000, 0x0000000083e00000|  0%| F|  |TAMS 0x0000000083d00000| PB 0x0000000083d00000| Untracked 
|  62|0x0000000083e00000, 0x0000000083e00000, 0x0000000083f00000|  0%| F|  |TAMS 0x0000000083e00000| PB 0x0000000083e00000| Untracked 
|  63|0x0000000083f00000, 0x0000000084000000, 0x0000000084000000|100%| S|CS|TAMS 0x0000000083f00000| PB 0x0000000083f00000| Complete 
|  64|0x0000000084000000, 0x0000000084100000, 0x0000000084100000|100%| S|CS|TAMS 0x0000000084000000| PB 0x0000000084000000| Complete 
|  65|0x0000000084100000, 0x0000000084200000, 0x0000000084200000|100%| S|CS|TAMS 0x0000000084100000| PB 0x0000000084100000| Complete 
|  66|0x0000000084200000, 0x0000000084300000, 0x0000000084300000|100%| S|CS|TAMS 0x0000000084200000| PB 0x0000000084200000| Complete 
|  67|0x0000000084300000, 0x0000000084400000, 0x0000000084400000|100%| S|CS|TAMS 0x0000000084300000| PB 0x0000000084300000| Complete 
|  68|0x0000000084400000, 0x0000000084500000, 0x0000000084500000|100%| S|CS|TAMS 0x0000000084400000| PB 0x0000000084400000| Complete 
|  69|0x0000000084500000, 0x0000000084600000, 0x0000000084600000|100%| S|CS|TAMS 0x0000000084500000| PB 0x0000000084500000| Complete 
|  70|0x0000000084600000, 0x0000000084700000, 0x0000000084700000|100%| S|CS|TAMS 0x0000000084600000| PB 0x0000000084600000| Complete 
|  71|0x0000000084700000, 0x0000000084700000, 0x0000000084800000|  0%| F|  |TAMS 0x0000000084700000| PB 0x0000000084700000| Untracked 
|  72|0x0000000084800000, 0x0000000084800000, 0x0000000084900000|  0%| F|  |TAMS 0x0000000084800000| PB 0x0000000084800000| Untracked 
|  73|0x0000000084900000, 0x0000000084900000, 0x0000000084a00000|  0%| F|  |TAMS 0x0000000084900000| PB 0x0000000084900000| Untracked 
|  74|0x0000000084a00000, 0x0000000084a00000, 0x0000000084b00000|  0%| F|  |TAMS 0x0000000084a00000| PB 0x0000000084a00000| Untracked 
|  75|0x0000000084b00000, 0x0000000084b00000, 0x0000000084c00000|  0%| F|  |TAMS 0x0000000084b00000| PB 0x0000000084b00000| Untracked 
|  76|0x0000000084c00000, 0x0000000084c00000, 0x0000000084d00000|  0%| F|  |TAMS 0x0000000084c00000| PB 0x0000000084c00000| Untracked 
|  77|0x0000000084d00000, 0x0000000084d00000, 0x0000000084e00000|  0%| F|  |TAMS 0x0000000084d00000| PB 0x0000000084d00000| Untracked 
|  78|0x0000000084e00000, 0x0000000084e00000, 0x0000000084f00000|  0%| F|  |TAMS 0x0000000084e00000| PB 0x0000000084e00000| Untracked 
|  79|0x0000000084f00000, 0x0000000084f00000, 0x0000000085000000|  0%| F|  |TAMS 0x0000000084f00000| PB 0x0000000084f00000| Untracked 
|  80|0x0000000085000000, 0x0000000085000000, 0x0000000085100000|  0%| F|  |TAMS 0x0000000085000000| PB 0x0000000085000000| Untracked 
|  81|0x0000000085100000, 0x0000000085100000, 0x0000000085200000|  0%| F|  |TAMS 0x0000000085100000| PB 0x0000000085100000| Untracked 
|  82|0x0000000085200000, 0x0000000085200000, 0x0000000085300000|  0%| F|  |TAMS 0x0000000085200000| PB 0x0000000085200000| Untracked 
|  83|0x0000000085300000, 0x0000000085300000, 0x0000000085400000|  0%| F|  |TAMS 0x0000000085300000| PB 0x0000000085300000| Untracked 
|  84|0x0000000085400000, 0x0000000085400000, 0x0000000085500000|  0%| F|  |TAMS 0x0000000085400000| PB 0x0000000085400000| Untracked 
|  85|0x0000000085500000, 0x0000000085500000, 0x0000000085600000|  0%| F|  |TAMS 0x0000000085500000| PB 0x0000000085500000| Untracked 
|  86|0x0000000085600000, 0x0000000085600000, 0x0000000085700000|  0%| F|  |TAMS 0x0000000085600000| PB 0x0000000085600000| Untracked 
|  87|0x0000000085700000, 0x0000000085700000, 0x0000000085800000|  0%| F|  |TAMS 0x0000000085700000| PB 0x0000000085700000| Untracked 
|  88|0x0000000085800000, 0x0000000085800000, 0x0000000085900000|  0%| F|  |TAMS 0x0000000085800000| PB 0x0000000085800000| Untracked 
|  89|0x0000000085900000, 0x0000000085900000, 0x0000000085a00000|  0%| F|  |TAMS 0x0000000085900000| PB 0x0000000085900000| Untracked 
|  90|0x0000000085a00000, 0x0000000085a00000, 0x0000000085b00000|  0%| F|  |TAMS 0x0000000085a00000| PB 0x0000000085a00000| Untracked 
|  91|0x0000000085b00000, 0x0000000085b00000, 0x0000000085c00000|  0%| F|  |TAMS 0x0000000085b00000| PB 0x0000000085b00000| Untracked 
|  92|0x0000000085c00000, 0x0000000085c00000, 0x0000000085d00000|  0%| F|  |TAMS 0x0000000085c00000| PB 0x0000000085c00000| Untracked 
|  93|0x0000000085d00000, 0x0000000085d00000, 0x0000000085e00000|  0%| F|  |TAMS 0x0000000085d00000| PB 0x0000000085d00000| Untracked 
|  94|0x0000000085e00000, 0x0000000085e00000, 0x0000000085f00000|  0%| F|  |TAMS 0x0000000085e00000| PB 0x0000000085e00000| Untracked 
|  95|0x0000000085f00000, 0x0000000085f80000, 0x0000000086000000| 50%| E|  |TAMS 0x0000000085f00000| PB 0x0000000085f00000| Complete 
|  96|0x0000000086000000, 0x0000000086100000, 0x0000000086100000|100%| E|CS|TAMS 0x0000000086000000| PB 0x0000000086000000| Complete 
|  97|0x0000000086100000, 0x0000000086200000, 0x0000000086200000|100%| E|CS|TAMS 0x0000000086100000| PB 0x0000000086100000| Complete 
|  98|0x0000000086200000, 0x0000000086300000, 0x0000000086300000|100%| E|CS|TAMS 0x0000000086200000| PB 0x0000000086200000| Complete 
|  99|0x0000000086300000, 0x0000000086400000, 0x0000000086400000|100%| E|CS|TAMS 0x0000000086300000| PB 0x0000000086300000| Complete 
| 100|0x0000000086400000, 0x0000000086500000, 0x0000000086500000|100%| E|  |TAMS 0x0000000086400000| PB 0x0000000086400000| Complete 
| 101|0x0000000086500000, 0x0000000086600000, 0x0000000086600000|100%| E|CS|TAMS 0x0000000086500000| PB 0x0000000086500000| Complete 
| 102|0x0000000086600000, 0x0000000086700000, 0x0000000086700000|100%| E|CS|TAMS 0x0000000086600000| PB 0x0000000086600000| Complete 
| 103|0x0000000086700000, 0x0000000086800000, 0x0000000086800000|100%| E|CS|TAMS 0x0000000086700000| PB 0x0000000086700000| Complete 
| 104|0x0000000086800000, 0x0000000086900000, 0x0000000086900000|100%| E|CS|TAMS 0x0000000086800000| PB 0x0000000086800000| Complete 
| 105|0x0000000086900000, 0x0000000086a00000, 0x0000000086a00000|100%| E|CS|TAMS 0x0000000086900000| PB 0x0000000086900000| Complete 
| 106|0x0000000086a00000, 0x0000000086b00000, 0x0000000086b00000|100%| E|CS|TAMS 0x0000000086a00000| PB 0x0000000086a00000| Complete 
| 107|0x0000000086b00000, 0x0000000086c00000, 0x0000000086c00000|100%| E|CS|TAMS 0x0000000086b00000| PB 0x0000000086b00000| Complete 
| 108|0x0000000086c00000, 0x0000000086d00000, 0x0000000086d00000|100%| E|CS|TAMS 0x0000000086c00000| PB 0x0000000086c00000| Complete 
| 109|0x0000000086d00000, 0x0000000086e00000, 0x0000000086e00000|100%| E|CS|TAMS 0x0000000086d00000| PB 0x0000000086d00000| Complete 
| 110|0x0000000086e00000, 0x0000000086f00000, 0x0000000086f00000|100%| E|CS|TAMS 0x0000000086e00000| PB 0x0000000086e00000| Complete 
| 111|0x0000000086f00000, 0x0000000087000000, 0x0000000087000000|100%| E|CS|TAMS 0x0000000086f00000| PB 0x0000000086f00000| Complete 
| 112|0x0000000087000000, 0x0000000087100000, 0x0000000087100000|100%| E|CS|TAMS 0x0000000087000000| PB 0x0000000087000000| Complete 
| 113|0x0000000087100000, 0x0000000087200000, 0x0000000087200000|100%| E|CS|TAMS 0x0000000087100000| PB 0x0000000087100000| Complete 
| 114|0x0000000087200000, 0x0000000087300000, 0x0000000087300000|100%| E|CS|TAMS 0x0000000087200000| PB 0x0000000087200000| Complete 
| 115|0x0000000087300000, 0x0000000087400000, 0x0000000087400000|100%| E|CS|TAMS 0x0000000087300000| PB 0x0000000087300000| Complete 
| 116|0x0000000087400000, 0x0000000087500000, 0x0000000087500000|100%| E|CS|TAMS 0x0000000087400000| PB 0x0000000087400000| Complete 
| 117|0x0000000087500000, 0x0000000087600000, 0x0000000087600000|100%| E|CS|TAMS 0x0000000087500000| PB 0x0000000087500000| Complete 
| 118|0x0000000087600000, 0x0000000087700000, 0x0000000087700000|100%| E|CS|TAMS 0x0000000087600000| PB 0x0000000087600000| Complete 
| 119|0x0000000087700000, 0x0000000087800000, 0x0000000087800000|100%| E|CS|TAMS 0x0000000087700000| PB 0x0000000087700000| Complete 
| 120|0x0000000087800000, 0x0000000087900000, 0x0000000087900000|100%| E|CS|TAMS 0x0000000087800000| PB 0x0000000087800000| Complete 
| 121|0x0000000087900000, 0x0000000087a00000, 0x0000000087a00000|100%| E|CS|TAMS 0x0000000087900000| PB 0x0000000087900000| Complete 
| 122|0x0000000087a00000, 0x0000000087b00000, 0x0000000087b00000|100%| E|CS|TAMS 0x0000000087a00000| PB 0x0000000087a00000| Complete 
| 123|0x0000000087b00000, 0x0000000087c00000, 0x0000000087c00000|100%| E|CS|TAMS 0x0000000087b00000| PB 0x0000000087b00000| Complete 
| 124|0x0000000087c00000, 0x0000000087d00000, 0x0000000087d00000|100%| E|CS|TAMS 0x0000000087c00000| PB 0x0000000087c00000| Complete 
| 125|0x0000000087d00000, 0x0000000087e00000, 0x0000000087e00000|100%| E|CS|TAMS 0x0000000087d00000| PB 0x0000000087d00000| Complete 
| 126|0x0000000087e00000, 0x0000000087f00000, 0x0000000087f00000|100%| E|CS|TAMS 0x0000000087e00000| PB 0x0000000087e00000| Complete 
| 127|0x0000000087f00000, 0x0000000088000000, 0x0000000088000000|100%| E|CS|TAMS 0x0000000087f00000| PB 0x0000000087f00000| Complete 
| 128|0x0000000088000000, 0x0000000088100000, 0x0000000088100000|100%| E|CS|TAMS 0x0000000088000000| PB 0x0000000088000000| Complete 
| 129|0x0000000088100000, 0x0000000088200000, 0x0000000088200000|100%| E|CS|TAMS 0x0000000088100000| PB 0x0000000088100000| Complete 
| 130|0x0000000088200000, 0x0000000088300000, 0x0000000088300000|100%| E|CS|TAMS 0x0000000088200000| PB 0x0000000088200000| Complete 
|2045|0x00000000ffd00000, 0x00000000ffe00000, 0x00000000ffe00000|100%| E|CS|TAMS 0x00000000ffd00000| PB 0x00000000ffd00000| Complete 
|2046|0x00000000ffe00000, 0x00000000fff00000, 0x00000000fff00000|100%| O|  |TAMS 0x00000000ffe00000| PB 0x00000000ffe00000| Untracked 
|2047|0x00000000fff00000, 0x0000000100000000, 0x0000000100000000|100%| O|  |TAMS 0x00000000fff00000| PB 0x00000000fff00000| Untracked 

Card table byte_map: [0x00000219b0300000,0x00000219b0700000] _byte_map_base: 0x00000219aff00000

Marking Bits: (CMBitMap*) 0x000002199d80c670
 Bits: [0x00000219b0700000, 0x00000219b2700000)

Polling page: 0x000002199b7a0000

Metaspace:

Usage:
  Non-class:     64.59 MB used.
      Class:     11.01 MB used.
       Both:     75.60 MB used.

Virtual space:
  Non-class space:      128.00 MB reserved,      65.69 MB ( 51%) committed,  2 nodes.
      Class space:      416.00 MB reserved,      12.12 MB (  3%) committed,  1 nodes.
             Both:      544.00 MB reserved,      77.81 MB ( 14%) committed. 

Chunk freelists:
   Non-Class:  13.94 MB
       Class:  3.72 MB
        Both:  17.66 MB

MaxMetaspaceSize: 512.00 MB
CompressedClassSpaceSize: 416.00 MB
Initial GC threshold: 21.00 MB
Current GC threshold: 113.75 MB
CDS: on
 - commit_granule_bytes: 65536.
 - commit_granule_words: 8192.
 - virtual_space_node_default_size: 8388608.
 - enlarge_chunks_in_place: 1.
 - use_allocation_guard: 0.


Internal statistics:

num_allocs_failed_limit: 12.
num_arena_births: 4038.
num_arena_deaths: 0.
num_vsnodes_births: 3.
num_vsnodes_deaths: 0.
num_space_committed: 1245.
num_space_uncommitted: 0.
num_chunks_returned_to_freelist: 12.
num_chunks_taken_from_freelist: 7660.
num_chunk_merges: 12.
num_chunk_splits: 4941.
num_chunks_enlarged: 2991.
num_inconsistent_stats: 0.

CodeHeap 'non-profiled nmethods': size=120000Kb used=4676Kb max_used=4676Kb free=115323Kb
 bounds [0x00000219a8480000, 0x00000219a8920000, 0x00000219af9b0000]
CodeHeap 'profiled nmethods': size=120000Kb used=15786Kb max_used=15786Kb free=104214Kb
 bounds [0x00000219a09b0000, 0x00000219a1920000, 0x00000219a7ee0000]
CodeHeap 'non-nmethods': size=5760Kb used=2005Kb max_used=2053Kb free=3754Kb
 bounds [0x00000219a7ee0000, 0x00000219a8150000, 0x00000219a8480000]
CodeCache: size=245760Kb, used=22467Kb, max_used=22515Kb, free=223291Kb
 total_blobs=9188, nmethods=8328, adapters=764, full_count=0
Compilation: enabled, stopped_count=0, restarted_count=0

Compilation events (20 events):
Event: 20.244 Thread 0x00000219b5387210 9488 %     4       com.sun.crypto.provider.GHASH::blockMult @ 23 (245 bytes)
Event: 20.251 Thread 0x00000219b5387210 nmethod 9488% 0x00000219a890f010 code [0x00000219a890f1a0, 0x00000219a890f800]
Event: 20.251 Thread 0x00000219b5387210 9487       4       java.lang.invoke.VarHandleByteArrayAsLongs$ArrayHandle::get (36 bytes)
Event: 20.252 Thread 0x00000219b5387210 nmethod 9487 0x00000219a890f990 code [0x00000219a890fb20, 0x00000219a890fc88]
Event: 20.258 Thread 0x00000219b538bdf0 9492       3       sun.nio.ch.Util::getTemporaryDirectBuffer (55 bytes)
Event: 20.258 Thread 0x00000219b5387210 9494       4       com.sun.crypto.provider.GHASH::blockMult (245 bytes)
Event: 20.259 Thread 0x00000219b538bdf0 nmethod 9492 0x00000219a190e110 code [0x00000219a190e3a0, 0x00000219a190ef10]
Event: 20.259 Thread 0x00000219b538bdf0 9493       3       sun.nio.ch.Util$BufferCache::get (164 bytes)
Event: 20.259 Thread 0x00000219b538bdf0 nmethod 9493 0x00000219a190f290 code [0x00000219a190f4c0, 0x00000219a190fe98]
Event: 20.259 Thread 0x00000219b538bdf0 9495       3       sun.nio.ch.Util::offerFirstTemporaryDirectBuffer (53 bytes)
Event: 20.259 Thread 0x00000219b538bdf0 nmethod 9495 0x00000219a1910190 code [0x00000219a1910400, 0x00000219a1910f10]
Event: 20.260 Thread 0x00000219b538bdf0 9496       3       sun.nio.ch.Util::isBufferTooLarge (8 bytes)
Event: 20.260 Thread 0x00000219b538bdf0 nmethod 9496 0x00000219a1911290 code [0x00000219a1911440, 0x00000219a1911608]
Event: 20.260 Thread 0x00000219b538bdf0 9497       3       sun.nio.ch.Util$BufferCache::offerFirst (73 bytes)
Event: 20.260 Thread 0x00000219b538bdf0 nmethod 9497 0x00000219a1911710 code [0x00000219a19118c0, 0x00000219a1911c20]
Event: 20.265 Thread 0x00000219b5387210 nmethod 9494 0x00000219a890fe10 code [0x00000219a890ffa0, 0x00000219a8910500]
Event: 20.539 Thread 0x00000219b5387210 9498       4       com.sun.crypto.provider.AESCrypt::implEncryptBlock (947 bytes)
Event: 20.539 Thread 0x00000219b538bdf0 9499       3       java.lang.invoke.VarHandleByteArrayAsLongs$ArrayHandle::set (39 bytes)
Event: 20.539 Thread 0x00000219b538bdf0 nmethod 9499 0x00000219a1911d90 code [0x00000219a1911f60, 0x00000219a1912338]
Event: 20.561 Thread 0x00000219b538bdf0 9500       3       java.nio.ByteBuffer::rewind (7 bytes)

GC Heap History (20 events):
Event: 6.402 GC heap before
{Heap before GC invocations=10 (full 0):
 garbage-first heap   total 106496K, used 89944K [0x0000000080000000, 0x0000000100000000)
  region size 1024K, 62 young (63488K), 4 survivors (4096K)
 Metaspace       used 39331K, committed 40960K, reserved 491520K
  class space    used 5768K, committed 6528K, reserved 425984K
}
Event: 6.409 GC heap after
{Heap after GC invocations=11 (full 0):
 garbage-first heap   total 106496K, used 33840K [0x0000000080000000, 0x0000000100000000)
  region size 1024K, 7 young (7168K), 7 survivors (7168K)
 Metaspace       used 39331K, committed 40960K, reserved 491520K
  class space    used 5768K, committed 6528K, reserved 425984K
}
Event: 7.327 GC heap before
{Heap before GC invocations=11 (full 0):
 garbage-first heap   total 106496K, used 90160K [0x0000000080000000, 0x0000000100000000)
  region size 1024K, 62 young (63488K), 7 survivors (7168K)
 Metaspace       used 44808K, committed 46528K, reserved 491520K
  class space    used 6681K, committed 7488K, reserved 425984K
}
Event: 7.335 GC heap after
{Heap after GC invocations=12 (full 0):
 garbage-first heap   total 106496K, used 36836K [0x0000000080000000, 0x0000000100000000)
  region size 1024K, 7 young (7168K), 7 survivors (7168K)
 Metaspace       used 44808K, committed 46528K, reserved 491520K
  class space    used 6681K, committed 7488K, reserved 425984K
}
Event: 8.285 GC heap before
{Heap before GC invocations=12 (full 0):
 garbage-first heap   total 106496K, used 93156K [0x0000000080000000, 0x0000000100000000)
  region size 1024K, 62 young (63488K), 7 survivors (7168K)
 Metaspace       used 51372K, committed 53248K, reserved 491520K
  class space    used 7617K, committed 8512K, reserved 425984K
}
Event: 8.294 GC heap after
{Heap after GC invocations=13 (full 0):
 garbage-first heap   total 106496K, used 41010K [0x0000000080000000, 0x0000000100000000)
  region size 1024K, 8 young (8192K), 8 survivors (8192K)
 Metaspace       used 51372K, committed 53248K, reserved 491520K
  class space    used 7617K, committed 8512K, reserved 425984K
}
Event: 9.227 GC heap before
{Heap before GC invocations=13 (full 0):
 garbage-first heap   total 106496K, used 93234K [0x0000000080000000, 0x0000000100000000)
  region size 1024K, 60 young (61440K), 8 survivors (8192K)
 Metaspace       used 54331K, committed 56256K, reserved 491520K
  class space    used 8059K, committed 9024K, reserved 425984K
}
Event: 9.237 GC heap after
{Heap after GC invocations=14 (full 0):
 garbage-first heap   total 106496K, used 44650K [0x0000000080000000, 0x0000000100000000)
  region size 1024K, 8 young (8192K), 8 survivors (8192K)
 Metaspace       used 54331K, committed 56256K, reserved 491520K
  class space    used 8059K, committed 9024K, reserved 425984K
}
Event: 10.064 GC heap before
{Heap before GC invocations=14 (full 0):
 garbage-first heap   total 106496K, used 99946K [0x0000000080000000, 0x0000000100000000)
  region size 1024K, 56 young (57344K), 8 survivors (8192K)
 Metaspace       used 58535K, committed 60544K, reserved 491520K
  class space    used 8596K, committed 9600K, reserved 425984K
}
Event: 10.074 GC heap after
{Heap after GC invocations=15 (full 0):
 garbage-first heap   total 113664K, used 55411K [0x0000000080000000, 0x0000000100000000)
  region size 1024K, 7 young (7168K), 7 survivors (7168K)
 Metaspace       used 58535K, committed 60544K, reserved 491520K
  class space    used 8596K, committed 9600K, reserved 425984K
}
Event: 10.118 GC heap before
{Heap before GC invocations=15 (full 0):
 garbage-first heap   total 113664K, used 57459K [0x0000000080000000, 0x0000000100000000)
  region size 1024K, 10 young (10240K), 7 survivors (7168K)
 Metaspace       used 58797K, committed 60800K, reserved 491520K
  class space    used 8630K, committed 9600K, reserved 425984K
}
Event: 10.123 GC heap after
{Heap after GC invocations=16 (full 0):
 garbage-first heap   total 113664K, used 56071K [0x0000000080000000, 0x0000000100000000)
  region size 1024K, 1 young (1024K), 1 survivors (1024K)
 Metaspace       used 58797K, committed 60800K, reserved 491520K
  class space    used 8630K, committed 9600K, reserved 425984K
}
Event: 10.622 GC heap before
{Heap before GC invocations=17 (full 0):
 garbage-first heap   total 113664K, used 101127K [0x0000000080000000, 0x0000000100000000)
  region size 1024K, 45 young (46080K), 1 survivors (1024K)
 Metaspace       used 61791K, committed 63872K, reserved 491520K
  class space    used 9077K, committed 10112K, reserved 425984K
}
Event: 10.625 GC heap after
{Heap after GC invocations=18 (full 0):
 garbage-first heap   total 113664K, used 57155K [0x0000000080000000, 0x0000000100000000)
  region size 1024K, 3 young (3072K), 3 survivors (3072K)
 Metaspace       used 61791K, committed 63872K, reserved 491520K
  class space    used 9077K, committed 10112K, reserved 425984K
}
Event: 11.165 GC heap before
{Heap before GC invocations=18 (full 0):
 garbage-first heap   total 113664K, used 101187K [0x0000000080000000, 0x0000000100000000)
  region size 1024K, 46 young (47104K), 3 survivors (3072K)
 Metaspace       used 65076K, committed 67200K, reserved 491520K
  class space    used 9629K, committed 10688K, reserved 425984K
}
Event: 11.170 GC heap after
{Heap after GC invocations=19 (full 0):
 garbage-first heap   total 113664K, used 58215K [0x0000000080000000, 0x0000000100000000)
  region size 1024K, 4 young (4096K), 4 survivors (4096K)
 Metaspace       used 65076K, committed 67200K, reserved 491520K
  class space    used 9629K, committed 10688K, reserved 425984K
}
Event: 11.749 GC heap before
{Heap before GC invocations=19 (full 0):
 garbage-first heap   total 113664K, used 103271K [0x0000000080000000, 0x0000000100000000)
  region size 1024K, 48 young (49152K), 4 survivors (4096K)
 Metaspace       used 67656K, committed 69888K, reserved 491520K
  class space    used 10031K, committed 11136K, reserved 425984K
}
Event: 11.756 GC heap after
{Heap after GC invocations=20 (full 0):
 garbage-first heap   total 137216K, used 61216K [0x0000000080000000, 0x0000000100000000)
  region size 1024K, 5 young (5120K), 5 survivors (5120K)
 Metaspace       used 67656K, committed 69888K, reserved 491520K
  class space    used 10031K, committed 11136K, reserved 425984K
}
Event: 12.878 GC heap before
{Heap before GC invocations=21 (full 0):
 garbage-first heap   total 137216K, used 123680K [0x0000000080000000, 0x0000000100000000)
  region size 1024K, 66 young (67584K), 5 survivors (5120K)
 Metaspace       used 70513K, committed 72768K, reserved 491520K
  class space    used 10365K, committed 11456K, reserved 425984K
}
Event: 12.887 GC heap after
{Heap after GC invocations=22 (full 0):
 garbage-first heap   total 137216K, used 67088K [0x0000000080000000, 0x0000000100000000)
  region size 1024K, 9 young (9216K), 9 survivors (9216K)
 Metaspace       used 70513K, committed 72768K, reserved 491520K
  class space    used 10365K, committed 11456K, reserved 425984K
}

Dll operation events (14 events):
Event: 0.013 Loaded shared library C:\Users\sande\.vscode\extensions\redhat.java-1.53.0-win32-x64\jre\21.0.10-win32-x86_64\bin\java.dll
Event: 0.078 Loaded shared library C:\Users\sande\.vscode\extensions\redhat.java-1.53.0-win32-x64\jre\21.0.10-win32-x86_64\bin\zip.dll
Event: 0.102 Loaded shared library C:\Users\sande\.vscode\extensions\redhat.java-1.53.0-win32-x64\jre\21.0.10-win32-x86_64\bin\instrument.dll
Event: 0.109 Loaded shared library C:\Users\sande\.vscode\extensions\redhat.java-1.53.0-win32-x64\jre\21.0.10-win32-x86_64\bin\net.dll
Event: 0.112 Loaded shared library C:\Users\sande\.vscode\extensions\redhat.java-1.53.0-win32-x64\jre\21.0.10-win32-x86_64\bin\nio.dll
Event: 0.116 Loaded shared library C:\Users\sande\.vscode\extensions\redhat.java-1.53.0-win32-x64\jre\21.0.10-win32-x86_64\bin\zip.dll
Event: 0.411 Loaded shared library C:\Users\sande\.vscode\extensions\redhat.java-1.53.0-win32-x64\jre\21.0.10-win32-x86_64\bin\jimage.dll
Event: 0.629 Loaded shared library C:\Users\sande\.vscode\extensions\redhat.java-1.53.0-win32-x64\jre\21.0.10-win32-x86_64\bin\verify.dll
Event: 0.667 Loaded shared library C:\Users\sande\.gradle\native\1def1411415f61bf3af743bc5b6707747c0891f09f0c88961ee8f79bc544acac\windows-amd64\native-platform.dll
Event: 0.685 Loaded shared library C:\Users\sande\.gradle\native\0.2.8\x86_64-windows-gnu\gradle-fileevents.dll
Event: 1.807 Loaded shared library C:\Users\sande\.vscode\extensions\redhat.java-1.53.0-win32-x64\jre\21.0.10-win32-x86_64\bin\management.dll
Event: 1.810 Loaded shared library C:\Users\sande\.vscode\extensions\redhat.java-1.53.0-win32-x64\jre\21.0.10-win32-x86_64\bin\management_ext.dll
Event: 1.963 Loaded shared library C:\Users\sande\.vscode\extensions\redhat.java-1.53.0-win32-x64\jre\21.0.10-win32-x86_64\bin\extnet.dll
Event: 2.187 Loaded shared library C:\Users\sande\.vscode\extensions\redhat.java-1.53.0-win32-x64\jre\21.0.10-win32-x86_64\bin\sunmscapi.dll

Deoptimization events (20 events):
Event: 18.576 Thread 0x00000219d5ff7e50 Uncommon trap: trap_request=0xffffffde fr.pc=0x00000219a85ac270 relative=0x0000000000001790
Event: 18.576 Thread 0x00000219d5ff7e50 Uncommon trap: reason=class_check action=maybe_recompile pc=0x00000219a85ac270 method=java.util.zip.InflaterInputStream.read([BII)I @ 78 c2
Event: 18.576 Thread 0x00000219d5ff7e50 DEOPT PACKING pc=0x00000219a85ac270 sp=0x000000a00f8f4850
Event: 18.576 Thread 0x00000219d5ff7e50 DEOPT UNPACKING pc=0x00000219a7f34422 sp=0x000000a00f8f48b0 mode 2
Event: 18.584 Thread 0x00000219d5ff7e50 Uncommon trap: trap_request=0xffffff6e fr.pc=0x00000219a84fac7c relative=0x00000000000001dc
Event: 18.584 Thread 0x00000219d5ff7e50 Uncommon trap: reason=loop_limit_check action=maybe_recompile pc=0x00000219a84fac7c method=java.lang.StringLatin1.lastIndexOf([BII)I @ 19 c2
Event: 18.584 Thread 0x00000219d5ff7e50 DEOPT PACKING pc=0x00000219a84fac7c sp=0x000000a00f8f4be0
Event: 18.584 Thread 0x00000219d5ff7e50 DEOPT UNPACKING pc=0x00000219a7f34422 sp=0x000000a00f8f4b08 mode 2
Event: 18.587 Thread 0x00000219d5ff7e50 Uncommon trap: trap_request=0xffffff6e fr.pc=0x00000219a890221c relative=0x000000000000027c
Event: 18.587 Thread 0x00000219d5ff7e50 Uncommon trap: reason=loop_limit_check action=maybe_recompile pc=0x00000219a890221c method=java.math.BigInteger.implMulAdd([I[IIII)I @ 26 c2
Event: 18.587 Thread 0x00000219d5ff7e50 DEOPT PACKING pc=0x00000219a890221c sp=0x000000a00f8f4c40
Event: 18.587 Thread 0x00000219d5ff7e50 DEOPT UNPACKING pc=0x00000219a7f34422 sp=0x000000a00f8f4b90 mode 2
Event: 20.258 Thread 0x00000219d5ff7e50 DEOPT PACKING pc=0x00000219a190aebd sp=0x000000a00f8f4800
Event: 20.258 Thread 0x00000219d5ff7e50 DEOPT UNPACKING pc=0x00000219a7f34bc2 sp=0x000000a00f8f3c30 mode 0
Event: 20.258 Thread 0x00000219d5ff7e50 DEOPT PACKING pc=0x00000219a190aebd sp=0x000000a00f8f4800
Event: 20.258 Thread 0x00000219d5ff7e50 DEOPT UNPACKING pc=0x00000219a7f34bc2 sp=0x000000a00f8f3c30 mode 0
Event: 20.259 Thread 0x00000219d5ff7e50 DEOPT PACKING pc=0x00000219a190aebd sp=0x000000a00f8f4800
Event: 20.259 Thread 0x00000219d5ff7e50 DEOPT UNPACKING pc=0x00000219a7f34bc2 sp=0x000000a00f8f3c30 mode 0
Event: 20.259 Thread 0x00000219d5ff7e50 DEOPT PACKING pc=0x00000219a190aebd sp=0x000000a00f8f4800
Event: 20.259 Thread 0x00000219d5ff7e50 DEOPT UNPACKING pc=0x00000219a7f34bc2 sp=0x000000a00f8f3c30 mode 0

Classes loaded (20 events):
Event: 18.914 Loading class sun/net/www/protocol/http/AuthCacheValue
Event: 18.914 Loading class sun/net/www/protocol/http/AuthCacheValue done
Event: 18.914 Loading class sun/net/www/protocol/http/AuthenticationInfo done
Event: 20.242 Loading class sun/net/www/HeaderParser
Event: 20.242 Loading class sun/net/www/HeaderParser done
Event: 20.242 Loading class sun/net/www/http/KeepAliveStream
Event: 20.242 Loading class sun/net/www/http/Hurryable
Event: 20.242 Loading class sun/net/www/http/Hurryable done
Event: 20.242 Loading class sun/net/www/MeteredStream
Event: 20.242 Loading class sun/net/www/MeteredStream done
Event: 20.242 Loading class sun/net/www/http/KeepAliveStream done
Event: 20.242 Loading class sun/net/www/http/KeepAliveStreamCleaner
Event: 20.243 Loading class sun/net/www/http/KeepAliveStreamCleaner done
Event: 20.244 Loading class sun/net/www/http/KeepAliveStreamCleaner$1
Event: 20.245 Loading class sun/net/www/http/KeepAliveStreamCleaner$1 done
Event: 20.245 Loading class sun/net/www/http/KeepAliveStreamCleaner$2
Event: 20.245 Loading class sun/net/www/http/KeepAliveStreamCleaner$2 done
Event: 20.245 Loading class sun/net/www/protocol/http/HttpURLConnection$HttpInputStream
Event: 20.245 Loading class sun/net/www/protocol/http/HttpURLConnection$HttpInputStream done
Event: 20.852 Loading class sun/net/www/http/KeepAliveCache$1

Classes unloaded (0 events):
No events

Classes redefined (0 events):
No events

Internal exceptions (20 events):
Event: 11.970 Thread 0x00000219d5ff7e50 Exception <a 'java/lang/ClassNotFoundException'{0x00000000875c23d8}: org/gradle/api/internal/project/DefaultProject_DecoratedCustomizer> (0x00000000875c23d8) 
thrown [s\src\hotspot\share\classfile\systemDictionary.cpp, line 312]
Event: 11.995 Thread 0x00000219d5ff7e50 Exception <a 'java/lang/IncompatibleClassChangeError'{0x000000008732c398}: Found class java.lang.Object, but interface was expected> (0x000000008732c398) 
thrown [s\src\hotspot\share\interpreter\linkResolver.cpp, line 840]
Event: 12.026 Thread 0x00000219d5ff7e50 Exception <a 'java/lang/ClassNotFoundException'{0x00000000872e5920}: org/gradle/api/internal/project/DefaultAntBuilderBeanInfo> (0x00000000872e5920) 
thrown [s\src\hotspot\share\classfile\systemDictionary.cpp, line 312]
Event: 12.027 Thread 0x00000219d5ff7e50 Exception <a 'java/lang/ClassNotFoundException'{0x0000000087105b60}: org/gradle/api/internal/project/ant/BasicAntBuilderBeanInfo> (0x0000000087105b60) 
thrown [s\src\hotspot\share\classfile\systemDictionary.cpp, line 312]
Event: 12.029 Thread 0x00000219d5ff7e50 Exception <a 'java/lang/ClassNotFoundException'{0x0000000087124f38}: org/gradle/api/AntBuilderBeanInfo> (0x0000000087124f38) 
thrown [s\src\hotspot\share\classfile\systemDictionary.cpp, line 312]
Event: 12.030 Thread 0x00000219d5ff7e50 Exception <a 'java/lang/ClassNotFoundException'{0x0000000087143fe0}: groovy/ant/AntBuilderBeanInfo> (0x0000000087143fe0) 
thrown [s\src\hotspot\share\classfile\systemDictionary.cpp, line 312]
Event: 12.031 Thread 0x00000219d5ff7e50 Exception <a 'java/lang/ClassNotFoundException'{0x00000000871633c0}: groovy/util/BuilderSupportBeanInfo> (0x00000000871633c0) 
thrown [s\src\hotspot\share\classfile\systemDictionary.cpp, line 312]
Event: 12.033 Thread 0x00000219d5ff7e50 Exception <a 'java/lang/ClassNotFoundException'{0x0000000087182a78}: groovy/util/BuilderSupportCustomizer> (0x0000000087182a78) 
thrown [s\src\hotspot\share\classfile\systemDictionary.cpp, line 312]
Event: 12.034 Thread 0x00000219d5ff7e50 Exception <a 'java/lang/ClassNotFoundException'{0x00000000871a4490}: groovy/ant/AntBuilderCustomizer> (0x00000000871a4490) 
thrown [s\src\hotspot\share\classfile\systemDictionary.cpp, line 312]
Event: 12.036 Thread 0x00000219d5ff7e50 Exception <a 'java/lang/ClassNotFoundException'{0x00000000871c8540}: org/gradle/api/AntBuilderCustomizer> (0x00000000871c8540) 
thrown [s\src\hotspot\share\classfile\systemDictionary.cpp, line 312]
Event: 12.038 Thread 0x00000219d5ff7e50 Exception <a 'java/lang/ClassNotFoundException'{0x00000000871f3700}: org/gradle/api/internal/project/ant/BasicAntBuilderCustomizer> (0x00000000871f3700) 
thrown [s\src\hotspot\share\classfile\systemDictionary.cpp, line 312]
Event: 12.040 Thread 0x00000219d5ff7e50 Exception <a 'java/lang/ClassNotFoundException'{0x00000000870263d8}: org/gradle/api/internal/project/DefaultAntBuilderCustomizer> (0x00000000870263d8) 
thrown [s\src\hotspot\share\classfile\systemDictionary.cpp, line 312]
Event: 12.068 Thread 0x00000219d5ff7e50 Exception <a 'java/lang/IncompatibleClassChangeError'{0x0000000086fc9f28}: Found class java.lang.Object, but interface was expected> (0x0000000086fc9f28) 
thrown [s\src\hotspot\share\interpreter\linkResolver.cpp, line 840]
Event: 12.921 Thread 0x00000219d5ff7e50 Exception <a 'java/lang/NoSuchMethodError'{0x00000000881e2498}: 'void java.lang.invoke.DirectMethodHandle$Holder.invokeStatic(java.lang.Object, int, java.lang.Object)'> (0x00000000881e2498) 
thrown [s\src\hotspot\share\interpreter\linkResolver.cpp, line 773]
Event: 13.006 Thread 0x00000219d5ff7e50 Exception <a 'java/lang/NoSuchMethodError'{0x0000000087b14b80}: 'void java.lang.invoke.DirectMethodHandle$Holder.invokeStaticInit(java.lang.Object)'> (0x0000000087b14b80) 
thrown [s\src\hotspot\share\interpreter\linkResolver.cpp, line 773]
Event: 13.050 Thread 0x00000219d66e17a0 Implicit null exception at 0x00000219a876ff1c to 0x00000219a876ffe4
Event: 13.052 Thread 0x00000219d66e1e30 Implicit null exception at 0x00000219a882e9a8 to 0x00000219a882ea74
Event: 13.098 Thread 0x00000219d94bdac0 Exception <a 'java/lang/NoSuchMethodError'{0x000000008760ff78}: 'void java.lang.invoke.DirectMethodHandle$Holder.invokeStatic(java.lang.Object, long)'> (0x000000008760ff78) 
thrown [s\src\hotspot\share\interpreter\linkResolver.cpp, line 773]
Event: 13.101 Thread 0x00000219d94bdac0 Exception <a 'java/lang/NoSuchMethodError'{0x0000000087619b78}: 'java.lang.Object java.lang.invoke.DirectMethodHandle$Holder.invokeStaticInit(java.lang.Object, long, java.lang.Object)'> (0x0000000087619b78) 
thrown [s\src\hotspot\share\interpreter\linkResolver.cpp, line 773]
Event: 17.543 Thread 0x00000219d5ff7e50 Exception <a 'sun/nio/fs/WindowsException'{0x000000008744b568}> (0x000000008744b568) 
thrown [s\src\hotspot\share\prims\jni.cpp, line 520]

ZGC Phase Switch (0 events):
No events

VM Operations (20 events):
Event: 17.545 Executing non-safepoint VM operation: HandshakeAllThreads (Deoptimize) done
Event: 17.575 Executing non-safepoint VM operation: HandshakeAllThreads (Deoptimize)
Event: 17.576 Executing non-safepoint VM operation: HandshakeAllThreads (Deoptimize) done
Event: 17.586 Executing non-safepoint VM operation: HandshakeAllThreads (Deoptimize)
Event: 17.586 Executing non-safepoint VM operation: HandshakeAllThreads (Deoptimize) done
Event: 17.645 Executing non-safepoint VM operation: HandshakeAllThreads (Deoptimize)
Event: 17.646 Executing non-safepoint VM operation: HandshakeAllThreads (Deoptimize) done
Event: 18.127 Executing non-safepoint VM operation: HandshakeAllThreads (Deoptimize)
Event: 18.127 Executing non-safepoint VM operation: HandshakeAllThreads (Deoptimize) done
Event: 18.533 Executing non-safepoint VM operation: HandshakeAllThreads (Deoptimize)
Event: 18.533 Executing non-safepoint VM operation: HandshakeAllThreads (Deoptimize) done
Event: 18.533 Executing safepoint VM operation: Cleanup
Event: 18.533 Executing safepoint VM operation: Cleanup done
Event: 18.535 Executing non-safepoint VM operation: HandshakeAllThreads (Deoptimize)
Event: 18.535 Executing non-safepoint VM operation: HandshakeAllThreads (Deoptimize) done
Event: 19.536 Executing safepoint VM operation: Cleanup
Event: 19.537 Executing safepoint VM operation: Cleanup done
Event: 20.244 Executing non-safepoint VM operation: HandshakeAllThreads (Deoptimize)
Event: 20.244 Executing non-safepoint VM operation: HandshakeAllThreads (Deoptimize) done
Event: 21.244 Executing safepoint VM operation: Cleanup

Memory protections (0 events):
No events

Nmethod flushes (20 events):
Event: 11.793 Thread 0x00000219b534dda0 flushing  nmethod 0x00000219a0f80f90
Event: 11.793 Thread 0x00000219b534dda0 flushing  nmethod 0x00000219a0f84610
Event: 11.793 Thread 0x00000219b534dda0 flushing  nmethod 0x00000219a0f84c90
Event: 11.793 Thread 0x00000219b534dda0 flushing  nmethod 0x00000219a0fb5890
Event: 11.793 Thread 0x00000219b534dda0 flushing  nmethod 0x00000219a0fb6f90
Event: 11.793 Thread 0x00000219b534dda0 flushing  nmethod 0x00000219a0fbac90
Event: 11.793 Thread 0x00000219b534dda0 flushing  nmethod 0x00000219a0fbb990
Event: 11.793 Thread 0x00000219b534dda0 flushing  nmethod 0x00000219a0fbc110
Event: 11.793 Thread 0x00000219b534dda0 flushing  nmethod 0x00000219a0ffa910
Event: 11.793 Thread 0x00000219b534dda0 flushing  nmethod 0x00000219a11b8790
Event: 11.793 Thread 0x00000219b534dda0 flushing  nmethod 0x00000219a11b9910
Event: 11.793 Thread 0x00000219b534dda0 flushing  nmethod 0x00000219a11bc590
Event: 11.793 Thread 0x00000219b534dda0 flushing  nmethod 0x00000219a11cc790
Event: 11.793 Thread 0x00000219b534dda0 flushing  nmethod 0x00000219a11d1b10
Event: 11.793 Thread 0x00000219b534dda0 flushing  nmethod 0x00000219a11d1f90
Event: 11.793 Thread 0x00000219b534dda0 flushing  nmethod 0x00000219a11ec890
Event: 11.793 Thread 0x00000219b534dda0 flushing  nmethod 0x00000219a11f1c10
Event: 11.793 Thread 0x00000219b534dda0 flushing  nmethod 0x00000219a1210b90
Event: 11.793 Thread 0x00000219b534dda0 flushing  nmethod 0x00000219a1236b90
Event: 11.793 Thread 0x00000219b534dda0 flushing  nmethod 0x00000219a1257b90

Events (20 events):
Event: 13.051 Thread 0x00000219d66e1e30 Thread added: 0x00000219d94be7e0
Event: 13.052 Thread 0x00000219d66e4590 Thread added: 0x00000219d94bc710
Event: 13.088 Thread 0x00000219d5ff7e50 Thread added: 0x00000219d94bdac0
Event: 13.108 Thread 0x00000219d94bdac0 Thread added: 0x00000219d94bfb90
Event: 13.108 Thread 0x00000219d94bdac0 Thread added: 0x00000219d94c0220
Event: 13.856 Thread 0x00000219db010d10 Thread exited: 0x00000219db010d10
Event: 14.319 Thread 0x00000219b538bdf0 Thread added: 0x00000219db010640
Event: 14.320 Thread 0x00000219db010640 Thread added: 0x00000219db012f20
Event: 14.863 Thread 0x00000219db012f20 Thread exited: 0x00000219db012f20
Event: 14.863 Thread 0x00000219db010640 Thread exited: 0x00000219db010640
Event: 17.598 Thread 0x00000219b538bdf0 Thread added: 0x00000219db012f20
Event: 17.608 Thread 0x00000219b538bdf0 Thread added: 0x00000219db00ff70
Event: 17.851 Thread 0x00000219db00ff70 Thread exited: 0x00000219db00ff70
Event: 17.851 Thread 0x00000219db012f20 Thread exited: 0x00000219db012f20
Event: 18.168 Thread 0x00000219b538bdf0 Thread added: 0x00000219db012180
Event: 18.169 Thread 0x00000219b538bdf0 Thread added: 0x00000219db012f20
Event: 18.520 Thread 0x00000219db012f20 Thread exited: 0x00000219db012f20
Event: 18.862 Thread 0x00000219db012180 Thread exited: 0x00000219db012180
Event: 18.913 Thread 0x00000219d5ff7e50 Thread added: 0x00000219d94bd430
Event: 18.914 Thread 0x00000219d94bd430 Thread exited: 0x00000219d94bd430


Dynamic libraries:
0x00007ff64dd60000 - 0x00007ff64dd6e000 	C:\Users\sande\.vscode\extensions\redhat.java-1.53.0-win32-x64\jre\21.0.10-win32-x86_64\bin\java.exe
0x00007ffc00420000 - 0x00007ffc00687000 	C:\WINDOWS\SYSTEM32\ntdll.dll
0x00007ffbff3d0000 - 0x00007ffbff499000 	C:\WINDOWS\System32\KERNEL32.DLL
0x00007ffbfd790000 - 0x00007ffbfdb81000 	C:\WINDOWS\System32\KERNELBASE.dll
0x00007ffbfe040000 - 0x00007ffbfe18b000 	C:\WINDOWS\System32\ucrtbase.dll
0x00007ffbda0e0000 - 0x00007ffbda0fe000 	C:\Users\sande\.vscode\extensions\redhat.java-1.53.0-win32-x64\jre\21.0.10-win32-x86_64\bin\VCRUNTIME140.dll
0x00007ffbdc7e0000 - 0x00007ffbdc7f8000 	C:\Users\sande\.vscode\extensions\redhat.java-1.53.0-win32-x64\jre\21.0.10-win32-x86_64\bin\jli.dll
0x00007ffbfec40000 - 0x00007ffbfee05000 	C:\WINDOWS\System32\USER32.dll
0x00007ffbfe190000 - 0x00007ffbfe1b7000 	C:\WINDOWS\System32\win32u.dll
0x00007ffbe8480000 - 0x00007ffbe8713000 	C:\WINDOWS\WinSxS\amd64_microsoft.windows.common-controls_6595b64144ccf1df_6.0.26100.7922_none_3e089e1ee3342171\COMCTL32.dll
0x00007ffbfe9b0000 - 0x00007ffbfe9db000 	C:\WINDOWS\System32\GDI32.dll
0x00007ffbfee10000 - 0x00007ffbfeeb9000 	C:\WINDOWS\System32\msvcrt.dll
0x00007ffbfdd10000 - 0x00007ffbfde3a000 	C:\WINDOWS\System32\gdi32full.dll
0x00007ffbfd6e0000 - 0x00007ffbfd783000 	C:\WINDOWS\System32\msvcp_win.dll
0x00007ffbfe1c0000 - 0x00007ffbfe1f1000 	C:\WINDOWS\System32\IMM32.DLL
0x00007ffbf9d80000 - 0x00007ffbf9d8c000 	C:\Users\sande\.vscode\extensions\redhat.java-1.53.0-win32-x64\jre\21.0.10-win32-x86_64\bin\vcruntime140_1.dll
0x00007ffbcd5d0000 - 0x00007ffbcd65d000 	C:\Users\sande\.vscode\extensions\redhat.java-1.53.0-win32-x64\jre\21.0.10-win32-x86_64\bin\msvcp140.dll
0x00007ffb44770000 - 0x00007ffb45511000 	C:\Users\sande\.vscode\extensions\redhat.java-1.53.0-win32-x64\jre\21.0.10-win32-x86_64\bin\server\jvm.dll
0x00007ffbfe6d0000 - 0x00007ffbfe78b000 	C:\WINDOWS\System32\ADVAPI32.dll
0x00007ffbfe590000 - 0x00007ffbfe637000 	C:\WINDOWS\System32\sechost.dll
0x00007ffc002c0000 - 0x00007ffc003d8000 	C:\WINDOWS\System32\RPCRT4.dll
0x00007ffbff6f0000 - 0x00007ffbff764000 	C:\WINDOWS\System32\WS2_32.dll
0x00007ffbfb8d0000 - 0x00007ffbfb92e000 	C:\WINDOWS\SYSTEM32\POWRPROF.dll
0x00007ffbf0d90000 - 0x00007ffbf0dc5000 	C:\WINDOWS\SYSTEM32\WINMM.dll
0x00007ffbf4f60000 - 0x00007ffbf4f6b000 	C:\WINDOWS\SYSTEM32\VERSION.dll
0x00007ffbfb8b0000 - 0x00007ffbfb8c4000 	C:\WINDOWS\SYSTEM32\UMPDC.dll
0x00007ffbfbb90000 - 0x00007ffbfbbab000 	C:\WINDOWS\SYSTEM32\kernel.appcore.dll
0x00007ffbd6590000 - 0x00007ffbd659a000 	C:\Users\sande\.vscode\extensions\redhat.java-1.53.0-win32-x64\jre\21.0.10-win32-x86_64\bin\jimage.dll
0x00007ffbfa950000 - 0x00007ffbfab92000 	C:\WINDOWS\SYSTEM32\DBGHELP.DLL
0x00007ffbfe200000 - 0x00007ffbfe582000 	C:\WINDOWS\System32\combase.dll
0x00007ffbff8d0000 - 0x00007ffbff9a7000 	C:\WINDOWS\System32\OLEAUT32.dll
0x00007ffbe7200000 - 0x00007ffbe723b000 	C:\WINDOWS\SYSTEM32\dbgcore.DLL
0x00007ffbfded0000 - 0x00007ffbfdf75000 	C:\WINDOWS\System32\bcryptPrimitives.dll
0x00007ffbf0710000 - 0x00007ffbf071f000 	C:\Users\sande\.vscode\extensions\redhat.java-1.53.0-win32-x64\jre\21.0.10-win32-x86_64\bin\instrument.dll
0x00007ffbcd7c0000 - 0x00007ffbcd7e0000 	C:\Users\sande\.vscode\extensions\redhat.java-1.53.0-win32-x64\jre\21.0.10-win32-x86_64\bin\java.dll
0x00007ffbff9b0000 - 0x00007ffc0010f000 	C:\WINDOWS\System32\SHELL32.dll
0x00007ffbfd570000 - 0x00007ffbfd6da000 	C:\WINDOWS\System32\wintypes.dll
0x00007ffbfcd00000 - 0x00007ffbfd564000 	C:\WINDOWS\System32\windows.storage.dll
0x00007ffbfea70000 - 0x00007ffbfeb67000 	C:\WINDOWS\System32\SHCORE.dll
0x00007ffbfebd0000 - 0x00007ffbfec37000 	C:\WINDOWS\System32\shlwapi.dll
0x00007ffbfcc20000 - 0x00007ffbfcc49000 	C:\WINDOWS\SYSTEM32\profapi.dll
0x00007ffbcd6d0000 - 0x00007ffbcd6e8000 	C:\Users\sande\.vscode\extensions\redhat.java-1.53.0-win32-x64\jre\21.0.10-win32-x86_64\bin\zip.dll
0x00007ffbce880000 - 0x00007ffbce890000 	C:\Users\sande\.vscode\extensions\redhat.java-1.53.0-win32-x64\jre\21.0.10-win32-x86_64\bin\net.dll
0x00007ffbf6380000 - 0x00007ffbf64a7000 	C:\WINDOWS\SYSTEM32\WINHTTP.dll
0x00007ffbfc120000 - 0x00007ffbfc18b000 	C:\WINDOWS\system32\mswsock.dll
0x00007ffbcd6b0000 - 0x00007ffbcd6c6000 	C:\Users\sande\.vscode\extensions\redhat.java-1.53.0-win32-x64\jre\21.0.10-win32-x86_64\bin\nio.dll
0x00007ffbf0700000 - 0x00007ffbf0710000 	C:\Users\sande\.vscode\extensions\redhat.java-1.53.0-win32-x64\jre\21.0.10-win32-x86_64\bin\verify.dll
0x00007ffb7cb00000 - 0x00007ffb7cb27000 	C:\Users\sande\.gradle\native\1def1411415f61bf3af743bc5b6707747c0891f09f0c88961ee8f79bc544acac\windows-amd64\native-platform.dll
0x00007ffb4c3f0000 - 0x00007ffb4c467000 	C:\Users\sande\.gradle\native\0.2.8\x86_64-windows-gnu\gradle-fileevents.dll
0x00007ffbce0b0000 - 0x00007ffbce0ba000 	C:\Users\sande\.vscode\extensions\redhat.java-1.53.0-win32-x64\jre\21.0.10-win32-x86_64\bin\management.dll
0x00007ffbcd6a0000 - 0x00007ffbcd6ac000 	C:\Users\sande\.vscode\extensions\redhat.java-1.53.0-win32-x64\jre\21.0.10-win32-x86_64\bin\management_ext.dll
0x00007ffbff780000 - 0x00007ffbff788000 	C:\WINDOWS\System32\PSAPI.DLL
0x00007ffbfb530000 - 0x00007ffbfb563000 	C:\WINDOWS\SYSTEM32\IPHLPAPI.DLL
0x00007ffbff770000 - 0x00007ffbff77a000 	C:\WINDOWS\System32\NSI.dll
0x00007ffbcd5c0000 - 0x00007ffbcd5c9000 	C:\Users\sande\.vscode\extensions\redhat.java-1.53.0-win32-x64\jre\21.0.10-win32-x86_64\bin\extnet.dll
0x00007ffbfc400000 - 0x00007ffbfc41b000 	C:\WINDOWS\SYSTEM32\CRYPTSP.dll
0x00007ffbfbaf0000 - 0x00007ffbfbb29000 	C:\WINDOWS\system32\rsaenh.dll
0x00007ffbfc1d0000 - 0x00007ffbfc202000 	C:\WINDOWS\SYSTEM32\USERENV.dll
0x00007ffbfcbf0000 - 0x00007ffbfcc1a000 	C:\WINDOWS\SYSTEM32\bcrypt.dll
0x00007ffbfc420000 - 0x00007ffbfc42c000 	C:\WINDOWS\SYSTEM32\CRYPTBASE.dll
0x00007ffbcd690000 - 0x00007ffbcd69e000 	C:\Users\sande\.vscode\extensions\redhat.java-1.53.0-win32-x64\jre\21.0.10-win32-x86_64\bin\sunmscapi.dll
0x00007ffbfdb90000 - 0x00007ffbfdd07000 	C:\WINDOWS\System32\CRYPT32.dll
0x00007ffbfc620000 - 0x00007ffbfc650000 	C:\WINDOWS\SYSTEM32\ncrypt.dll
0x00007ffbfc5d0000 - 0x00007ffbfc60f000 	C:\WINDOWS\SYSTEM32\NTASN1.dll
0x00007ffb781b0000 - 0x00007ffb781b8000 	C:\WINDOWS\system32\wshunix.dll
0x00007ffbfb5d0000 - 0x00007ffbfb6fa000 	C:\WINDOWS\SYSTEM32\DNSAPI.dll
0x00007ffbf3bf0000 - 0x00007ffbf3bfb000 	C:\Windows\System32\rasadhlp.dll
0x00007ffbf5100000 - 0x00007ffbf5186000 	C:\WINDOWS\System32\fwpuclnt.dll

JVMTI agents:
C:\Users\sande\.gradle\wrapper\dists\gradle-9.0.0-bin\d6wjpkvcgsg3oed0qlfss3wgl\gradle-9.0.0\lib\agents\gradle-instrumentation-agent-9.0.0.jar path:C:\Users\sande\.vscode\extensions\redhat.java-1.53.0-win32-x64\jre\21.0.10-win32-x86_64\bin\instrument.dll, loaded, initialized, instrumentlib options:none

dbghelp: loaded successfully - version: 4.0.5 - missing functions: none
symbol engine: initialized successfully - sym options: 0x614 - pdb path: .;C:\Users\sande\.vscode\extensions\redhat.java-1.53.0-win32-x64\jre\21.0.10-win32-x86_64\bin;C:\WINDOWS\SYSTEM32;C:\WINDOWS\WinSxS\amd64_microsoft.windows.common-controls_6595b64144ccf1df_6.0.26100.7922_none_3e089e1ee3342171;C:\Users\sande\.vscode\extensions\redhat.java-1.53.0-win32-x64\jre\21.0.10-win32-x86_64\bin\server;C:\Users\sande\.gradle\native\1def1411415f61bf3af743bc5b6707747c0891f09f0c88961ee8f79bc544acac\windows-amd64;C:\Users\sande\.gradle\native\0.2.8\x86_64-windows-gnu

VM Arguments:
jvm_args: --add-opens=java.base/java.lang=ALL-UNNAMED --add-opens=java.base/java.lang.invoke=ALL-UNNAMED --add-opens=java.base/java.util=ALL-UNNAMED --add-opens=java.prefs/java.util.prefs=ALL-UNNAMED --add-exports=jdk.compiler/com.sun.tools.javac.api=ALL-UNNAMED --add-exports=jdk.compiler/com.sun.tools.javac.util=ALL-UNNAMED --add-opens=java.base/java.util=ALL-UNNAMED --add-opens=java.prefs/java.util.prefs=ALL-UNNAMED --add-opens=java.base/java.nio.charset=ALL-UNNAMED --add-opens=java.base/java.net=ALL-UNNAMED --add-opens=java.base/java.util.concurrent=ALL-UNNAMED --add-opens=java.base/java.util.concurrent.atomic=ALL-UNNAMED --add-opens=java.xml/javax.xml.namespace=ALL-UNNAMED -XX:MaxMetaspaceSize=512m -Xmx2048m -Dfile.encoding=UTF-8 -Duser.country=IN -Duser.language=en -Duser.variant -javaagent:C:\Users\sande\.gradle\wrapper\dists\gradle-9.0.0-bin\d6wjpkvcgsg3oed0qlfss3wgl\gradle-9.0.0\lib\agents\gradle-instrumentation-agent-9.0.0.jar 
java_command: org.gradle.launcher.daemon.bootstrap.GradleDaemon 9.0.0
java_class_path (initial): C:\Users\sande\.gradle\wrapper\dists\gradle-9.0.0-bin\d6wjpkvcgsg3oed0qlfss3wgl\gradle-9.0.0\lib\gradle-daemon-main-9.0.0.jar
Launcher Type: SUN_STANDARD

[Global flags]
     intx CICompilerCount                          = 4                                         {product} {ergonomic}
   size_t CompressedClassSpaceSize                 = 436207616                                 {product} {ergonomic}
     uint ConcGCThreads                            = 3                                         {product} {ergonomic}
     uint G1ConcRefinementThreads                  = 10                                        {product} {ergonomic}
   size_t G1HeapRegionSize                         = 1048576                                   {product} {ergonomic}
    uintx GCDrainStackTargetSize                   = 64                                        {product} {ergonomic}
   size_t InitialHeapSize                          = 132120576                                 {product} {ergonomic}
   size_t MarkStackSize                            = 4194304                                   {product} {ergonomic}
   size_t MaxHeapSize                              = 2147483648                                {product} {command line}
   size_t MaxMetaspaceSize                         = 536870912                                 {product} {command line}
   size_t MaxNewSize                               = 1287651328                                {product} {ergonomic}
   size_t MinHeapDeltaBytes                        = 1048576                                   {product} {ergonomic}
   size_t MinHeapSize                              = 8388608                                   {product} {ergonomic}
    uintx NonNMethodCodeHeapSize                   = 5839372                                {pd product} {ergonomic}
    uintx NonProfiledCodeHeapSize                  = 122909434                              {pd product} {ergonomic}
    uintx ProfiledCodeHeapSize                     = 122909434                              {pd product} {ergonomic}
    uintx ReservedCodeCacheSize                    = 251658240                              {pd product} {ergonomic}
     bool SegmentedCodeCache                       = true                                      {product} {ergonomic}
   size_t SoftMaxHeapSize                          = 2147483648                             {manageable} {ergonomic}
     bool UseCompressedOops                        = true                           {product lp64_product} {ergonomic}
     bool UseG1GC                                  = true                                      {product} {ergonomic}
     bool UseLargePagesIndividualAllocation        = false                                  {pd product} {ergonomic}

Logging:
Log output configuration:
 #0: stdout all=warning uptime,level,tags foldmultilines=false
 #1: stderr all=off uptime,level,tags foldmultilines=false

Release file:
JAVA_VERSION="21.0.10" 
MODULES="java.base java.compiler java.datatransfer java.xml java.prefs java.desktop java.instrument java.logging java.management java.security.sasl java.naming java.rmi java.management.rmi java.net.http java.scripting java.security.jgss java.transaction.xa java.sql java.sql.rowset java.xml.crypto java.se java.smartcardio jdk.accessibility jdk.internal.jvmstat jdk.attach jdk.charsets jdk.internal.opt jdk.zipfs jdk.compiler jdk.crypto.ec jdk.crypto.cryptoki jdk.crypto.mscapi jdk.dynalink jdk.internal.ed jdk.editpad jdk.hotspot.agent jdk.httpserver jdk.internal.le jdk.internal.vm.ci jdk.internal.vm.compiler jdk.internal.vm.compiler.management jdk.jartool jdk.javadoc jdk.jcmd jdk.management jdk.management.agent jdk.jconsole jdk.jdeps jdk.jdwp.agent jdk.jdi jdk.jfr jdk.jshell jdk.jsobject jdk.jstatd jdk.localedata jdk.management.jfr jdk.naming.dns jdk.naming.rmi jdk.net jdk.nio.mapmode jdk.random jdk.sctp jdk.security.auth jdk.security.jgss jdk.unsupported jdk.unsupported.desktop jdk.xml.dom" 

Environment Variables:
PATH=C:\Program Files\Common Files\Oracle\Java\javapath;C:\Python313\Scripts\;C:\Python313\;C:\Program Files\Python312\Scripts\;C:\Program Files\Python312\;C:\Windows\system32;C:\Windows;C:\Windows\System32\Wbem;C:\Windows\System32\WindowsPowerShell\v1.0\;C:\Windows\System32\OpenSSH\;C:\Program Files (x86)\NVIDIA Corporation\PhysX\Common;C:\WINDOWS\system32;C:\WINDOWS;C:\WINDOWS\System32\Wbem;C:\WINDOWS\System32\WindowsPowerShell\v1.0\;C:\WINDOWS\System32\OpenSSH\;C:\Program Files\Git\bin;C:\Program Files\NVIDIA Corporation\NVIDIA NvDLISR;C:\Program Files\GTK3-Runtime Win64\bin;C:\Users\sande\Downloads\kotlin-compiler-1.9.22\kotlinc\bin;C:\Program Files\Azure Data Studio\bin;C:\Program Files\MySQL\MySQL Server 8.0\bin;C:\Users\sande\AppData\Local\Android\Sdk;C:\Users\sande\AppData\Local\Android\Sdk\platform-tools;C:\WINDOWS\system32;C:\WINDOWS;C:\WINDOWS\System32\Wbem;C:\WINDOWS\System32\WindowsPowerShell\v1.0\;C:\WINDOWS\System32\OpenSSH\;C:\ProgramData\chocolatey\bin;C:\Program Files\nodejs;C:\Users\sande\AppData\Local\nvm;C:\nvm4w\nodejs;C:\MinGW\bin;C:\Program Files\Go\bin;C:\Users\sande\Downloads\apache-maven-3.9.9\bin;C:\Program Files\PuTTY\;C:\Program Files\Docker\Docker\resources\bin;C:\Program Files\Java\jdk-17\bin;C:\Users\sande\AppData\Local\Android\Sdk\tools;C:\Program Files\MySQL\MySQL Shell 8.0\bin\;C:\Users\sande\AppData\Local\Microsoft\WindowsApps;C:\Program Files\JetBrains\IntelliJ IDEA Community Edition 2023.1.2\bin;;C:\Users\sande\AppData\Local\Programs\Microsoft VS Code\bin;C:\Users\sande\dart-sdk\bin;C:\Users\sande\Desktop\flutter_windows_3.16.5-stable\flutter\bin;C:\Program Files\Azure Data Studio\bin;C:\ProgramData\Microsoft\Windows\Start Menu\Programs\Python 3.12\Python 3.12 (64-bit).lnk;C:\Program Files\Python312\Scripts;C:\Mongosh\;C:\Users\sande\AppData\Local\nvm;C:\nvm4w\nodejs;C:\Users\sande\go\bin;C:\Program Files\JetBrains\IntelliJ IDEA 2024.3.5\bin;;C:\Program Files\Java\jdk-17\bin;C:\Program Files\Java\jdk-17\;C:\Users\sande\AppData\Local\Programs\Antigravity\bin
USERNAME=sande
OS=Windows_NT
PROCESSOR_IDENTIFIER=Intel64 Family 6 Model 165 Stepping 2, GenuineIntel
TMP=C:\Users\sande\AppData\Local\Temp
TEMP=C:\Users\sande\AppData\Local\Temp




Periodic native trim disabled

---------------  S Y S T E M  ---------------

OS:
 Windows 11 , 64 bit Build 26100 (10.0.26100.7920)
OS uptime: 0 days 4:13 hours
Hyper-V role detected

CPU: total 12 (initial active 12) (6 cores per cpu, 2 threads per core) family 6 model 165 stepping 2 microcode 0xf6, cx8, cmov, fxsr, ht, mmx, 3dnowpref, sse, sse2, sse3, ssse3, sse4.1, sse4.2, popcnt, lzcnt, tsc, tscinvbit, avx, avx2, aes, erms, clmul, bmi1, bmi2, adx, fma, vzeroupper, clflush, clflushopt, hv, rdtscp, f16c
Processor Information for the first 12 processors :
  Max Mhz: 2496, Current Mhz: 2496, Mhz Limit: 2496

Memory: 4k page, system-wide physical 8059M (662M free)
TotalPageFile size 32635M (AvailPageFile size 607M)
current process WorkingSet (physical memory assigned to process): 348M, peak: 381M
current process commit charge ("private bytes"): 386M, peak: 423M

vm_info: OpenJDK 64-Bit Server VM (21.0.10+7-LTS) for windows-amd64 JRE (21.0.10+7-LTS), built on 2026-01-20T00:00:00Z by "admin" with MS VC++ 17.12 (VS2022)

END.
