#
# There is insufficient memory for the Java Runtime Environment to continue.
# Native memory allocation (malloc) failed to allocate 1657232 bytes. Error detail: Chunk::new
# Possible reasons:
#   The system is out of physical RAM or swap space
#   This process is running with CompressedOops enabled, and the Java Heap may be blocking the growth of the native heap
# Possible solutions:
#   Reduce memory load on the system
#   Increase physical memory or swap space
#   Check if swap backing store is full
#   Decrease Java heap size (-Xmx/-Xms)
#   Decrease number of Java threads
#   Decrease Java thread stack sizes (-Xss)
#   Set larger code cache with -XX:ReservedCodeCacheSize=
#   JVM is running with Unscaled Compressed Oops mode in which the Java heap is
#     placed in the first 4GB address space. The Java Heap base address is the
#     maximum limit for the native heap growth. Please use -XX:HeapBaseMinAddress
#     to set the Java Heap base and to place the Java Heap above 4GB virtual address.
# This output file may be truncated or incomplete.
#
#  Out of Memory Error (arena.cpp:168), pid=5888, tid=13272
#
# JRE version: OpenJDK Runtime Environment Temurin-21.0.9+10 (21.0.9+10) (build 21.0.9+10-LTS)
# Java VM: OpenJDK 64-Bit Server VM Temurin-21.0.9+10 (21.0.9+10-LTS, mixed mode, sharing, tiered, compressed oops, compressed class ptrs, parallel gc, windows-amd64)
# No core dump will be written. Minidumps are not enabled by default on client versions of Windows
#

---------------  S U M M A R Y ------------

Command Line: --add-modules=ALL-SYSTEM --add-opens=java.base/java.util=ALL-UNNAMED --add-opens=java.base/java.lang=ALL-UNNAMED --add-opens=java.base/sun.nio.fs=ALL-UNNAMED -Declipse.application=org.eclipse.jdt.ls.core.id1 -Dosgi.bundles.defaultStartLevel=4 -Declipse.product=org.eclipse.jdt.ls.core.product -Djava.import.generatesMetadataFilesAtProjectRoot=false -DDetectVMInstallationsJob.disabled=true -Dfile.encoding=utf8 -XX:+UseParallelGC -XX:GCTimeRatio=4 -XX:AdaptiveSizePolicyWeight=90 -Dsun.zip.disableMemoryMapping=true -Xmx2G -Xms100m -Xlog:disable -javaagent:c:\Users\sande\.vscode\extensions\redhat.java-1.52.0-win32-x64\lombok\lombok-1.18.39-4050.jar -XX:+HeapDumpOnOutOfMemoryError -XX:HeapDumpPath=c:\Users\sande\AppData\Roaming\Code\User\workspaceStorage\c1189af7ad4b5b28f6591a4578dcf0ce\redhat.java -Daether.dependencyCollector.impl=bf c:\Users\sande\.vscode\extensions\redhat.java-1.52.0-win32-x64\server\plugins\org.eclipse.equinox.launcher_1.7.100.v20251111-0406.jar -configuration c:\Users\sande\AppData\Roaming\Code\User\globalStorage\redhat.java\1.52.0\config_win -data c:\Users\sande\AppData\Roaming\Code\User\workspaceStorage\c1189af7ad4b5b28f6591a4578dcf0ce\redhat.java\jdt_ws --pipe=\\.\pipe\lsp-757e98c087b95476589dcab66a9b46f3-sock

Host: Intel(R) Core(TM) i5-10500H CPU @ 2.50GHz, 12 cores, 7G,  Windows 11 , 64 bit Build 26100 (10.0.26100.7705)
Time: Sun Feb  1 23:10:50 2026 India Standard Time elapsed time: 21.698180 seconds (0d 0h 0m 21s)

---------------  T H R E A D  ---------------

Current thread (0x00000122ff220380):  JavaThread "C2 CompilerThread0" daemon [_thread_in_native, id=13272, stack(0x00000020f5100000,0x00000020f5200000) (1024K)]


Current CompileTask:
C2:21698 3187       4       java.lang.invoke.MethodType::makeImpl (109 bytes)

Stack: [0x00000020f5100000,0x00000020f5200000]
Native frames: (J=compiled Java code, j=interpreted, Vv=VM code, C=native code)
V  [jvm.dll+0x6d6e29]
V  [jvm.dll+0x8b4b76]
V  [jvm.dll+0x8b712e]
V  [jvm.dll+0x8b7813]
V  [jvm.dll+0x283d86]
V  [jvm.dll+0xc66ed]
V  [jvm.dll+0xc6c31]
V  [jvm.dll+0x3be53b]
V  [jvm.dll+0x38ab92]
V  [jvm.dll+0x389fda]
V  [jvm.dll+0x24bfa0]
V  [jvm.dll+0x24b580]
V  [jvm.dll+0x1cb13e]
V  [jvm.dll+0x25b29d]
V  [jvm.dll+0x25982a]
V  [jvm.dll+0x3f7ea6]
V  [jvm.dll+0x85e9ad]
V  [jvm.dll+0x6d565d]
C  [ucrtbase.dll+0x37b0]
C  [KERNEL32.DLL+0x2e8d7]
C  [ntdll.dll+0x8c40c]


---------------  P R O C E S S  ---------------

Threads class SMR info:
_java_thread_list=0x00000122c63c92f0, length=20, elements={
0x00000122e694fcc0, 0x00000122e68fdbf0, 0x00000122ff207c20, 0x00000122ff20a540,
0x00000122ff20b670, 0x00000122ff211b70, 0x00000122ff2194d0, 0x00000122ff220380,
0x00000122ff221be0, 0x00000122ff40d8b0, 0x00000122ff54cf10, 0x00000122c50736b0,
0x00000122ffa95850, 0x00000122ff252820, 0x00000122ff529170, 0x00000122c51b99d0,
0x00000122ff7d1c60, 0x00000122ff37e530, 0x00000122ff37f8e0, 0x00000122c6841f90
}

Java Threads: ( => current thread )
  0x00000122e694fcc0 JavaThread "main"                              [_thread_blocked, id=17412, stack(0x00000020f4700000,0x00000020f4800000) (1024K)]
  0x00000122e68fdbf0 JavaThread "Reference Handler"          daemon [_thread_blocked, id=12100, stack(0x00000020f4b00000,0x00000020f4c00000) (1024K)]
  0x00000122ff207c20 JavaThread "Finalizer"                  daemon [_thread_blocked, id=2744, stack(0x00000020f4c00000,0x00000020f4d00000) (1024K)]
  0x00000122ff20a540 JavaThread "Signal Dispatcher"          daemon [_thread_blocked, id=11872, stack(0x00000020f4d00000,0x00000020f4e00000) (1024K)]
  0x00000122ff20b670 JavaThread "Attach Listener"            daemon [_thread_blocked, id=10924, stack(0x00000020f4e00000,0x00000020f4f00000) (1024K)]
  0x00000122ff211b70 JavaThread "Service Thread"             daemon [_thread_blocked, id=25736, stack(0x00000020f4f00000,0x00000020f5000000) (1024K)]
  0x00000122ff2194d0 JavaThread "Monitor Deflation Thread"   daemon [_thread_blocked, id=2032, stack(0x00000020f5000000,0x00000020f5100000) (1024K)]
=>0x00000122ff220380 JavaThread "C2 CompilerThread0"         daemon [_thread_in_native, id=13272, stack(0x00000020f5100000,0x00000020f5200000) (1024K)]
  0x00000122ff221be0 JavaThread "C1 CompilerThread0"         daemon [_thread_blocked, id=12952, stack(0x00000020f5200000,0x00000020f5300000) (1024K)]
  0x00000122ff40d8b0 JavaThread "Common-Cleaner"             daemon [_thread_blocked, id=6520, stack(0x00000020f5400000,0x00000020f5500000) (1024K)]
  0x00000122ff54cf10 JavaThread "Notification Thread"        daemon [_thread_blocked, id=3508, stack(0x00000020f5500000,0x00000020f5600000) (1024K)]
  0x00000122c50736b0 JavaThread "Active Thread: Equinox Container: ee78c68a-02f4-45b6-98be-ccef9f9fa8b3"        [_thread_blocked, id=22972, stack(0x00000020f5c00000,0x00000020f5d00000) (1024K)]
  0x00000122ffa95850 JavaThread "Refresh Thread: Equinox Container: ee78c68a-02f4-45b6-98be-ccef9f9fa8b3" daemon [_thread_blocked, id=11808, stack(0x00000020f5d00000,0x00000020f5e00000) (1024K)]
  0x00000122ff252820 JavaThread "Framework Event Dispatcher: Equinox Container: ee78c68a-02f4-45b6-98be-ccef9f9fa8b3" daemon [_thread_blocked, id=6900, stack(0x00000020f5e00000,0x00000020f5f00000) (1024K)]
  0x00000122ff529170 JavaThread "Start Level: Equinox Container: ee78c68a-02f4-45b6-98be-ccef9f9fa8b3" daemon [_thread_in_native, id=25852, stack(0x00000020f5f00000,0x00000020f6000000) (1024K)]
  0x00000122c51b99d0 JavaThread "Bundle File Closer"         daemon [_thread_blocked, id=18792, stack(0x00000020f6300000,0x00000020f6400000) (1024K)]
  0x00000122ff7d1c60 JavaThread "SCR Component Actor"        daemon [_thread_blocked, id=24192, stack(0x00000020f6200000,0x00000020f6300000) (1024K)]
  0x00000122ff37e530 JavaThread "Worker-JM"                         [_thread_blocked, id=26568, stack(0x00000020f6600000,0x00000020f6700000) (1024K)]
  0x00000122ff37f8e0 JavaThread "JNA Cleaner"                daemon [_thread_blocked, id=24068, stack(0x00000020f6400000,0x00000020f6500000) (1024K)]
  0x00000122c6841f90 JavaThread "C2 CompilerThread1"         daemon [_thread_blocked, id=24868, stack(0x00000020f6500000,0x00000020f6600000) (1024K)]
Total: 20

Other Threads:
  0x00000122e6a0ea60 VMThread "VM Thread"                           [id=10828, stack(0x00000020f4a00000,0x00000020f4b00000) (1024K)]
  0x00000122e67dca00 WatcherThread "VM Periodic Task Thread"        [id=14304, stack(0x00000020f4900000,0x00000020f4a00000) (1024K)]
  0x00000122e696d140 WorkerThread "GC Thread#0"                     [id=5896, stack(0x00000020f4800000,0x00000020f4900000) (1024K)]
  0x00000122ff9224f0 WorkerThread "GC Thread#1"                     [id=4092, stack(0x00000020f5600000,0x00000020f5700000) (1024K)]
  0x00000122ffc6e220 WorkerThread "GC Thread#2"                     [id=2132, stack(0x00000020f5700000,0x00000020f5800000) (1024K)]
  0x00000122ffc6e5c0 WorkerThread "GC Thread#3"                     [id=15684, stack(0x00000020f5800000,0x00000020f5900000) (1024K)]
  0x00000122ffc6e960 WorkerThread "GC Thread#4"                     [id=24024, stack(0x00000020f5900000,0x00000020f5a00000) (1024K)]
  0x00000122ffa175d0 WorkerThread "GC Thread#5"                     [id=13464, stack(0x00000020f5a00000,0x00000020f5b00000) (1024K)]
  0x00000122ffa17970 WorkerThread "GC Thread#6"                     [id=23424, stack(0x00000020f5b00000,0x00000020f5c00000) (1024K)]
  0x00000122ff2237b0 WorkerThread "GC Thread#7"                     [id=20320, stack(0x00000020f5300000,0x00000020f5400000) (1024K)]
  0x00000122ffa7e080 WorkerThread "GC Thread#8"                     [id=1240, stack(0x00000020f6000000,0x00000020f6100000) (1024K)]
  0x00000122ffa7ef00 WorkerThread "GC Thread#9"                     [id=16668, stack(0x00000020f6100000,0x00000020f6200000) (1024K)]
Total: 12

Threads with active compile tasks:
C2 CompilerThread0  21727 3187       4       java.lang.invoke.MethodType::makeImpl (109 bytes)
Total: 1

VM state: not at safepoint (normal execution)

VM Mutex/Monitor currently owned by a thread: None

Heap address: 0x0000000080000000, size: 2048 MB, Compressed Oops mode: 32-bit

CDS archive(s) mapped at: [0x0000012280000000-0x0000012280ba0000-0x0000012280ba0000), size 12189696, SharedBaseAddress: 0x0000012280000000, ArchiveRelocationMode: 1.
Compressed class space mapped at: 0x0000012281000000-0x00000122c1000000, reserved size: 1073741824
Narrow klass base: 0x0000012280000000, Narrow klass shift: 0, Narrow klass range: 0x100000000

GC Precious Log:
 CardTable entry size: 512
 CPUs: 12 total, 12 available
 Memory: 8059M
 Large Page Support: Disabled
 NUMA Support: Disabled
 Compressed Oops: Enabled (32-bit)
 Alignments: Space 512K, Generation 512K, Heap 2M
 Heap Min Capacity: 100M
 Heap Initial Capacity: 100M
 Heap Max Capacity: 2G
 Pre-touch: Disabled
 Parallel Workers: 10

Heap:
 PSYoungGen      total 29184K, used 27145K [0x00000000d5580000, 0x00000000d7c00000, 0x0000000100000000)
  eden space 25088K, 91% used [0x00000000d5580000,0x00000000d6c02838,0x00000000d6e00000)
  from space 4096K, 99% used [0x00000000d6e80000,0x00000000d727fef8,0x00000000d7280000)
  to   space 7168K, 0% used [0x00000000d7500000,0x00000000d7500000,0x00000000d7c00000)
 ParOldGen       total 68608K, used 8788K [0x0000000080000000, 0x0000000084300000, 0x00000000d5580000)
  object space 68608K, 12% used [0x0000000080000000,0x00000000808951e0,0x0000000084300000)
 Metaspace       used 16843K, committed 17408K, reserved 1114112K
  class space    used 1760K, committed 1984K, reserved 1048576K

Card table byte_map: [0x00000122e62f0000,0x00000122e6700000] _byte_map_base: 0x00000122e5ef0000

Marking Bits: (ParMarkBitMap*) 0x00007ffa04842460
 Begin Bits: [0x00000122f8e00000, 0x00000122fae00000)
 End Bits:   [0x00000122fae00000, 0x00000122fce00000)

Polling page: 0x00000122e47a0000

Metaspace:

Usage:
  Non-class:     14.73 MB used.
      Class:      1.72 MB used.
       Both:     16.45 MB used.

Virtual space:
  Non-class space:       64.00 MB reserved,      15.06 MB ( 24%) committed,  1 nodes.
      Class space:        1.00 GB reserved,       1.94 MB ( <1%) committed,  1 nodes.
             Both:        1.06 GB reserved,      17.00 MB (  2%) committed. 

Chunk freelists:
   Non-Class:  326.00 KB
       Class:  13.88 MB
        Both:  14.19 MB

MaxMetaspaceSize: unlimited
CompressedClassSpaceSize: 1.00 GB
Initial GC threshold: 21.00 MB
Current GC threshold: 21.00 MB
CDS: on
 - commit_granule_bytes: 65536.
 - commit_granule_words: 8192.
 - virtual_space_node_default_size: 8388608.
 - enlarge_chunks_in_place: 1.
 - use_allocation_guard: 0.


Internal statistics:

num_allocs_failed_limit: 0.
num_arena_births: 474.
num_arena_deaths: 0.
num_vsnodes_births: 2.
num_vsnodes_deaths: 0.
num_space_committed: 272.
num_space_uncommitted: 0.
num_chunks_returned_to_freelist: 0.
num_chunks_taken_from_freelist: 1077.
num_chunk_merges: 0.
num_chunk_splits: 682.
num_chunks_enlarged: 437.
num_inconsistent_stats: 0.

CodeHeap 'non-profiled nmethods': size=120000Kb used=1563Kb max_used=1563Kb free=118436Kb
 bounds [0x00000122f1620000, 0x00000122f1890000, 0x00000122f8b50000]
CodeHeap 'profiled nmethods': size=120000Kb used=6408Kb max_used=6408Kb free=113591Kb
 bounds [0x00000122e9b50000, 0x00000122ea1a0000, 0x00000122f1080000]
CodeHeap 'non-nmethods': size=5760Kb used=1271Kb max_used=1325Kb free=4489Kb
 bounds [0x00000122f1080000, 0x00000122f12f0000, 0x00000122f1620000]
CodeCache: size=245760Kb, used=9242Kb, max_used=9296Kb, free=236516Kb
 total_blobs=3795, nmethods=3248, adapters=453, full_count=0
Compilation: enabled, stopped_count=0, restarted_count=0

Compilation events (20 events):
Event: 20.673 Thread 0x00000122ff221be0 3231       1       org.eclipse.core.internal.resources.LinkDescription::getType (5 bytes)
Event: 20.674 Thread 0x00000122ff221be0 nmethod 3231 0x00000122f17a5490 code [0x00000122f17a5620, 0x00000122f17a56e8]
Event: 20.674 Thread 0x00000122ff221be0 3232       1       org.eclipse.core.internal.resources.LinkDescription::getLocationURI (5 bytes)
Event: 20.674 Thread 0x00000122ff221be0 nmethod 3232 0x00000122f17a5790 code [0x00000122f17a5920, 0x00000122f17a59e8]
Event: 20.674 Thread 0x00000122c6841f90 nmethod 3235 0x00000122f17a5a90 code [0x00000122f17a5c20, 0x00000122f17a5cf8]
Event: 20.674 Thread 0x00000122c6841f90 3222       4       java.util.ArrayDeque::elementAt (4 bytes)
Event: 20.674 Thread 0x00000122c6841f90 nmethod 3222 0x00000122f17a5e10 code [0x00000122f17a5fa0, 0x00000122f17a6050]
Event: 20.681 Thread 0x00000122ff221be0 3237       3       org.eclipse.core.internal.dtree.DeltaDataTree::lookup (158 bytes)
Event: 20.683 Thread 0x00000122ff221be0 nmethod 3237 0x00000122ea188b10 code [0x00000122ea188dc0, 0x00000122ea189b78]
Event: 20.683 Thread 0x00000122ff221be0 3238       3       org.eclipse.core.internal.dtree.DataTreeLookup::newLookup (12 bytes)
Event: 20.683 Thread 0x00000122ff221be0 nmethod 3238 0x00000122ea18a090 code [0x00000122ea18a240, 0x00000122ea18a488]
Event: 20.683 Thread 0x00000122ff221be0 3239       3       org.eclipse.core.internal.dtree.DataTreeLookup::<init> (26 bytes)
Event: 20.683 Thread 0x00000122ff221be0 nmethod 3239 0x00000122ea18a590 code [0x00000122ea18a740, 0x00000122ea18a8e8]
Event: 20.694 Thread 0x00000122ff221be0 3240       1       com.sun.xml.internal.stream.Entity$ScannedEntity::isExternal (5 bytes)
Event: 20.694 Thread 0x00000122ff221be0 nmethod 3240 0x00000122f17a6110 code [0x00000122f17a62a0, 0x00000122f17a6370]
Event: 20.694 Thread 0x00000122ff221be0 3242       3       com.sun.org.apache.xerces.internal.impl.XMLDocumentScannerImpl::refresh (71 bytes)
Event: 20.695 Thread 0x00000122ff221be0 nmethod 3242 0x00000122ea18a990 code [0x00000122ea18aba0, 0x00000122ea18b510]
Event: 20.695 Thread 0x00000122ff221be0 3241       1       com.sun.org.apache.xerces.internal.impl.XMLEntityManager::getEntityStore (5 bytes)
Event: 20.695 Thread 0x00000122ff221be0 nmethod 3241 0x00000122f17a6410 code [0x00000122f17a65a0, 0x00000122f17a6668]
Event: 20.716 Thread 0x00000122ff221be0 3243   !   3       com.sun.org.apache.xerces.internal.parsers.AbstractSAXParser::startElement (318 bytes)

GC Heap History (10 events):
Event: 1.138 GC heap before
{Heap before GC invocations=1 (full 0):
 PSYoungGen      total 29696K, used 25600K [0x00000000d5580000, 0x00000000d7680000, 0x0000000100000000)
  eden space 25600K, 100% used [0x00000000d5580000,0x00000000d6e80000,0x00000000d6e80000)
  from space 4096K, 0% used [0x00000000d7280000,0x00000000d7280000,0x00000000d7680000)
  to   space 4096K, 0% used [0x00000000d6e80000,0x00000000d6e80000,0x00000000d7280000)
 ParOldGen       total 68608K, used 0K [0x0000000080000000, 0x0000000084300000, 0x00000000d5580000)
  object space 68608K, 0% used [0x0000000080000000,0x0000000080000000,0x0000000084300000)
 Metaspace       used 4326K, committed 4544K, reserved 1114112K
  class space    used 472K, committed 576K, reserved 1048576K
}
Event: 1.145 GC heap after
{Heap after GC invocations=1 (full 0):
 PSYoungGen      total 29696K, used 3319K [0x00000000d5580000, 0x00000000d7680000, 0x0000000100000000)
  eden space 25600K, 0% used [0x00000000d5580000,0x00000000d5580000,0x00000000d6e80000)
  from space 4096K, 81% used [0x00000000d6e80000,0x00000000d71bde88,0x00000000d7280000)
  to   space 4096K, 0% used [0x00000000d7280000,0x00000000d7280000,0x00000000d7680000)
 ParOldGen       total 68608K, used 16K [0x0000000080000000, 0x0000000084300000, 0x00000000d5580000)
  object space 68608K, 0% used [0x0000000080000000,0x0000000080004000,0x0000000084300000)
 Metaspace       used 4326K, committed 4544K, reserved 1114112K
  class space    used 472K, committed 576K, reserved 1048576K
}
Event: 6.300 GC heap before
{Heap before GC invocations=2 (full 0):
 PSYoungGen      total 29696K, used 28919K [0x00000000d5580000, 0x00000000d7680000, 0x0000000100000000)
  eden space 25600K, 100% used [0x00000000d5580000,0x00000000d6e80000,0x00000000d6e80000)
  from space 4096K, 81% used [0x00000000d6e80000,0x00000000d71bde88,0x00000000d7280000)
  to   space 4096K, 0% used [0x00000000d7280000,0x00000000d7280000,0x00000000d7680000)
 ParOldGen       total 68608K, used 16K [0x0000000080000000, 0x0000000084300000, 0x00000000d5580000)
  object space 68608K, 0% used [0x0000000080000000,0x0000000080004000,0x0000000084300000)
 Metaspace       used 7936K, committed 8192K, reserved 1114112K
  class space    used 830K, committed 960K, reserved 1048576K
}
Event: 6.306 GC heap after
{Heap after GC invocations=2 (full 0):
 PSYoungGen      total 29696K, used 4070K [0x00000000d5580000, 0x00000000d7680000, 0x0000000100000000)
  eden space 25600K, 0% used [0x00000000d5580000,0x00000000d5580000,0x00000000d6e80000)
  from space 4096K, 99% used [0x00000000d7280000,0x00000000d7679820,0x00000000d7680000)
  to   space 4096K, 0% used [0x00000000d6e80000,0x00000000d6e80000,0x00000000d7280000)
 ParOldGen       total 68608K, used 2001K [0x0000000080000000, 0x0000000084300000, 0x00000000d5580000)
  object space 68608K, 2% used [0x0000000080000000,0x00000000801f45e0,0x0000000084300000)
 Metaspace       used 7936K, committed 8192K, reserved 1114112K
  class space    used 830K, committed 960K, reserved 1048576K
}
Event: 13.185 GC heap before
{Heap before GC invocations=3 (full 0):
 PSYoungGen      total 29696K, used 29595K [0x00000000d5580000, 0x00000000d7680000, 0x0000000100000000)
  eden space 25600K, 99% used [0x00000000d5580000,0x00000000d6e6d560,0x00000000d6e80000)
  from space 4096K, 99% used [0x00000000d7280000,0x00000000d7679820,0x00000000d7680000)
  to   space 4096K, 0% used [0x00000000d6e80000,0x00000000d6e80000,0x00000000d7280000)
 ParOldGen       total 68608K, used 2001K [0x0000000080000000, 0x0000000084300000, 0x00000000d5580000)
  object space 68608K, 2% used [0x0000000080000000,0x00000000801f45e0,0x0000000084300000)
 Metaspace       used 9409K, committed 9728K, reserved 1114112K
  class space    used 1009K, committed 1152K, reserved 1048576K
}
Event: 13.190 GC heap after
{Heap after GC invocations=3 (full 0):
 PSYoungGen      total 29696K, used 4083K [0x00000000d5580000, 0x00000000d7680000, 0x0000000100000000)
  eden space 25600K, 0% used [0x00000000d5580000,0x00000000d5580000,0x00000000d6e80000)
  from space 4096K, 99% used [0x00000000d6e80000,0x00000000d727cce8,0x00000000d7280000)
  to   space 4096K, 0% used [0x00000000d7280000,0x00000000d7280000,0x00000000d7680000)
 ParOldGen       total 68608K, used 4748K [0x0000000080000000, 0x0000000084300000, 0x00000000d5580000)
  object space 68608K, 6% used [0x0000000080000000,0x00000000804a3068,0x0000000084300000)
 Metaspace       used 9409K, committed 9728K, reserved 1114112K
  class space    used 1009K, committed 1152K, reserved 1048576K
}
Event: 19.478 GC heap before
{Heap before GC invocations=4 (full 0):
 PSYoungGen      total 29696K, used 29683K [0x00000000d5580000, 0x00000000d7680000, 0x0000000100000000)
  eden space 25600K, 100% used [0x00000000d5580000,0x00000000d6e80000,0x00000000d6e80000)
  from space 4096K, 99% used [0x00000000d6e80000,0x00000000d727cce8,0x00000000d7280000)
  to   space 4096K, 0% used [0x00000000d7280000,0x00000000d7280000,0x00000000d7680000)
 ParOldGen       total 68608K, used 4748K [0x0000000080000000, 0x0000000084300000, 0x00000000d5580000)
  object space 68608K, 6% used [0x0000000080000000,0x00000000804a3068,0x0000000084300000)
 Metaspace       used 11712K, committed 12096K, reserved 1114112K
  class space    used 1247K, committed 1408K, reserved 1048576K
}
Event: 19.484 GC heap after
{Heap after GC invocations=4 (full 0):
 PSYoungGen      total 29696K, used 4069K [0x00000000d5580000, 0x00000000d7680000, 0x0000000100000000)
  eden space 25600K, 0% used [0x00000000d5580000,0x00000000d5580000,0x00000000d6e80000)
  from space 4096K, 99% used [0x00000000d7280000,0x00000000d7679418,0x00000000d7680000)
  to   space 4096K, 0% used [0x00000000d6e80000,0x00000000d6e80000,0x00000000d7280000)
 ParOldGen       total 68608K, used 6305K [0x0000000080000000, 0x0000000084300000, 0x00000000d5580000)
  object space 68608K, 9% used [0x0000000080000000,0x0000000080628470,0x0000000084300000)
 Metaspace       used 11712K, committed 12096K, reserved 1114112K
  class space    used 1247K, committed 1408K, reserved 1048576K
}
Event: 20.020 GC heap before
{Heap before GC invocations=5 (full 0):
 PSYoungGen      total 29696K, used 29669K [0x00000000d5580000, 0x00000000d7680000, 0x0000000100000000)
  eden space 25600K, 100% used [0x00000000d5580000,0x00000000d6e80000,0x00000000d6e80000)
  from space 4096K, 99% used [0x00000000d7280000,0x00000000d7679418,0x00000000d7680000)
  to   space 4096K, 0% used [0x00000000d6e80000,0x00000000d6e80000,0x00000000d7280000)
 ParOldGen       total 68608K, used 6305K [0x0000000080000000, 0x0000000084300000, 0x00000000d5580000)
  object space 68608K, 9% used [0x0000000080000000,0x0000000080628470,0x0000000084300000)
 Metaspace       used 15472K, committed 16064K, reserved 1114112K
  class space    used 1611K, committed 1856K, reserved 1048576K
}
Event: 20.025 GC heap after
{Heap after GC invocations=5 (full 0):
 PSYoungGen      total 29184K, used 4095K [0x00000000d5580000, 0x00000000d7c00000, 0x0000000100000000)
  eden space 25088K, 0% used [0x00000000d5580000,0x00000000d5580000,0x00000000d6e00000)
  from space 4096K, 99% used [0x00000000d6e80000,0x00000000d727fef8,0x00000000d7280000)
  to   space 7168K, 0% used [0x00000000d7500000,0x00000000d7500000,0x00000000d7c00000)
 ParOldGen       total 68608K, used 8788K [0x0000000080000000, 0x0000000084300000, 0x00000000d5580000)
  object space 68608K, 12% used [0x0000000080000000,0x00000000808951e0,0x0000000084300000)
 Metaspace       used 15472K, committed 16064K, reserved 1114112K
  class space    used 1611K, committed 1856K, reserved 1048576K
}

Dll operation events (10 events):
Event: 0.104 Loaded shared library c:\Users\sande\.vscode\extensions\redhat.java-1.52.0-win32-x64\jre\21.0.9-win32-x86_64\bin\java.dll
Event: 0.196 Loaded shared library c:\Users\sande\.vscode\extensions\redhat.java-1.52.0-win32-x64\jre\21.0.9-win32-x86_64\bin\zip.dll
Event: 0.224 Loaded shared library C:\Users\sande\.vscode\extensions\redhat.java-1.52.0-win32-x64\jre\21.0.9-win32-x86_64\bin\instrument.dll
Event: 0.296 Loaded shared library C:\Users\sande\.vscode\extensions\redhat.java-1.52.0-win32-x64\jre\21.0.9-win32-x86_64\bin\net.dll
Event: 0.357 Loaded shared library C:\Users\sande\.vscode\extensions\redhat.java-1.52.0-win32-x64\jre\21.0.9-win32-x86_64\bin\nio.dll
Event: 0.361 Loaded shared library C:\Users\sande\.vscode\extensions\redhat.java-1.52.0-win32-x64\jre\21.0.9-win32-x86_64\bin\zip.dll
Event: 0.376 Loaded shared library C:\Users\sande\.vscode\extensions\redhat.java-1.52.0-win32-x64\jre\21.0.9-win32-x86_64\bin\jimage.dll
Event: 0.482 Loaded shared library c:\Users\sande\.vscode\extensions\redhat.java-1.52.0-win32-x64\jre\21.0.9-win32-x86_64\bin\verify.dll
Event: 10.914 Loaded shared library C:\Users\sande\AppData\Roaming\Code\User\globalStorage\redhat.java\1.52.0\config_win\org.eclipse.equinox.launcher\org.eclipse.equinox.launcher.win32.win32.x86_64_1.2.1500.v20260121-1430\eclipse_11919.dll
Event: 20.548 Loaded shared library C:\Users\sande\AppData\Local\Temp\jna-109203553\jna7167839271896240609.dll

Deoptimization events (20 events):
Event: 20.577 Thread 0x00000122ff529170 Uncommon trap: trap_request=0xffffffc6 fr.pc=0x00000122f16d1cc4 relative=0x0000000000000be4
Event: 20.577 Thread 0x00000122ff529170 Uncommon trap: reason=bimorphic_or_optimized_type_check action=maybe_recompile pc=0x00000122f16d1cc4 method=java.util.HashMap.putVal(ILjava/lang/Object;Ljava/lang/Object;ZZ)Ljava/lang/Object; @ 91 c2
Event: 20.577 Thread 0x00000122ff529170 DEOPT PACKING pc=0x00000122f16d1cc4 sp=0x00000020f5ff7bd0
Event: 20.577 Thread 0x00000122ff529170 DEOPT UNPACKING pc=0x00000122f10d3aa2 sp=0x00000020f5ff7af8 mode 2
Event: 20.596 Thread 0x00000122ff529170 Uncommon trap: trap_request=0xffffffde fr.pc=0x00000122f1770c58 relative=0x00000000000003b8
Event: 20.596 Thread 0x00000122ff529170 Uncommon trap: reason=class_check action=maybe_recompile pc=0x00000122f1770c58 method=java.io.FilterInputStream.read()I @ 4 c2
Event: 20.596 Thread 0x00000122ff529170 DEOPT PACKING pc=0x00000122f1770c58 sp=0x00000020f5ff9320
Event: 20.596 Thread 0x00000122ff529170 DEOPT UNPACKING pc=0x00000122f10d3aa2 sp=0x00000020f5ff92d0 mode 2
Event: 20.596 Thread 0x00000122ff529170 Uncommon trap: trap_request=0xffffffde fr.pc=0x00000122f1770c58 relative=0x00000000000003b8
Event: 20.596 Thread 0x00000122ff529170 Uncommon trap: reason=class_check action=maybe_recompile pc=0x00000122f1770c58 method=java.io.FilterInputStream.read()I @ 4 c2
Event: 20.596 Thread 0x00000122ff529170 DEOPT PACKING pc=0x00000122f1770c58 sp=0x00000020f5ff9320
Event: 20.596 Thread 0x00000122ff529170 DEOPT UNPACKING pc=0x00000122f10d3aa2 sp=0x00000020f5ff92d0 mode 2
Event: 20.610 Thread 0x00000122ff529170 Uncommon trap: trap_request=0xffffff45 fr.pc=0x00000122f17806a4 relative=0x00000000000003c4
Event: 20.610 Thread 0x00000122ff529170 Uncommon trap: reason=unstable_if action=reinterpret pc=0x00000122f17806a4 method=java.io.BufferedInputStream.read1([BII)I @ 34 c2
Event: 20.610 Thread 0x00000122ff529170 DEOPT PACKING pc=0x00000122f17806a4 sp=0x00000020f5ff8c50
Event: 20.610 Thread 0x00000122ff529170 DEOPT UNPACKING pc=0x00000122f10d3aa2 sp=0x00000020f5ff8c18 mode 2
Event: 20.622 Thread 0x00000122ff529170 Uncommon trap: trap_request=0xffffffde fr.pc=0x00000122f1770c58 relative=0x00000000000003b8
Event: 20.622 Thread 0x00000122ff529170 Uncommon trap: reason=class_check action=maybe_recompile pc=0x00000122f1770c58 method=java.io.FilterInputStream.read()I @ 4 c2
Event: 20.622 Thread 0x00000122ff529170 DEOPT PACKING pc=0x00000122f1770c58 sp=0x00000020f5ff9320
Event: 20.622 Thread 0x00000122ff529170 DEOPT UNPACKING pc=0x00000122f10d3aa2 sp=0x00000020f5ff92d0 mode 2

Classes loaded (20 events):
Event: 20.548 Loading class java/nio/FloatBuffer
Event: 20.549 Loading class java/nio/FloatBuffer done
Event: 20.549 Loading class java/nio/DoubleBuffer
Event: 20.549 Loading class java/nio/DoubleBuffer done
Event: 20.549 Loading class jdk/internal/loader/NativeLibraries$Unloader
Event: 20.550 Loading class jdk/internal/loader/NativeLibraries$Unloader done
Event: 20.561 Loading class java/lang/annotation/Documented
Event: 20.561 Loading class java/lang/annotation/Documented done
Event: 20.562 Loading class java/lang/reflect/UndeclaredThrowableException
Event: 20.563 Loading class java/lang/reflect/UndeclaredThrowableException done
Event: 20.563 Loading class java/lang/Class$AnnotationData
Event: 20.563 Loading class java/lang/Class$AnnotationData done
Event: 20.564 Loading class jdk/internal/reflect/MethodHandleIntegerFieldAccessorImpl
Event: 20.564 Loading class jdk/internal/reflect/MethodHandleIntegerFieldAccessorImpl done
Event: 20.571 Loading class java/io/PrintWriter
Event: 20.572 Loading class java/io/PrintWriter done
Event: 20.576 Loading class jdk/internal/reflect/MethodHandleShortFieldAccessorImpl
Event: 20.577 Loading class jdk/internal/reflect/MethodHandleShortFieldAccessorImpl done
Event: 20.577 Loading class java/lang/Short$ShortCache
Event: 20.577 Loading class java/lang/Short$ShortCache done

Classes unloaded (0 events):
No events

Classes redefined (0 events):
No events

Internal exceptions (20 events):
Event: 19.380 Thread 0x00000122ff529170 Exception <a 'java/lang/NullPointerException'{0x00000000d666fd48}> (0x00000000d666fd48) 
thrown [s\src\hotspot\share\interpreter\linkResolver.cpp, line 1372]
Event: 19.380 Thread 0x00000122ff529170 Exception <a 'java/lang/NullPointerException'{0x00000000d6670028}> (0x00000000d6670028) 
thrown [s\src\hotspot\share\interpreter\linkResolver.cpp, line 1372]
Event: 19.548 Thread 0x00000122ff529170 Exception <a 'java/lang/NoSuchMethodError'{0x00000000d5742360}: 'long java.lang.invoke.DirectMethodHandle$Holder.invokeSpecial(java.lang.Object, java.lang.Object)'> (0x00000000d5742360) 
thrown [s\src\hotspot\share\interpreter\linkResolver.cpp, line 773]
Event: 19.593 Thread 0x00000122ff529170 Exception <a 'java/io/FileNotFoundException'{0x00000000d5960580}> (0x00000000d5960580) 
thrown [s\src\hotspot\share\prims\jni.cpp, line 520]
Event: 19.722 Thread 0x00000122ff529170 Exception <a 'java/lang/NoSuchMethodError'{0x00000000d5e93cd0}: 'java.lang.Object java.lang.invoke.Invokers$Holder.linkToTargetMethod(java.lang.Object, long, java.lang.Object)'> (0x00000000d5e93cd0) 
thrown [s\src\hotspot\share\interpreter\linkResolver.cpp, line 773]
Event: 19.792 Thread 0x00000122ff529170 Exception <a 'java/lang/NoSuchMethodError'{0x00000000d63dd368}: 'void java.lang.invoke.Invokers$Holder.invokeExact_MT(java.lang.Object, java.lang.Object, java.lang.Object)'> (0x00000000d63dd368) 
thrown [s\src\hotspot\share\interpreter\linkResolver.cpp, line 773]
Event: 19.861 Thread 0x00000122ff529170 Exception <a 'java/lang/NoSuchMethodError'{0x00000000d66dde60}: 'java.lang.Object java.lang.invoke.DirectMethodHandle$Holder.invokeVirtual(java.lang.Object, java.lang.Object, java.lang.Object)'> (0x00000000d66dde60) 
thrown [s\src\hotspot\share\interpreter\linkResolver.cpp, line 773]
Event: 19.863 Thread 0x00000122ff529170 Exception <a 'java/lang/NoSuchMethodError'{0x00000000d66f58f8}: 'java.lang.Object java.lang.invoke.DelegatingMethodHandle$Holder.reinvoke_L(java.lang.Object, java.lang.Object, java.lang.Object, java.lang.Object, int, int)'> (0x00000000d66f58f8) 
thrown [s\src\hotspot\share\interpreter\linkResolver.cpp, line 773]
Event: 19.866 Thread 0x00000122ff529170 Exception <a 'java/lang/NoSuchMethodError'{0x00000000d6712888}: 'java.lang.Object java.lang.invoke.DirectMethodHandle$Holder.newInvokeSpecial(java.lang.Object, java.lang.Object, java.lang.Object, java.lang.Object, java.lang.Object, java.lang.Object)'> (0x00000000d6712888) 
thrown [s\src\hotspot\share\interpreter\linkResolver.cpp, line 773]
Event: 19.869 Thread 0x00000122ff529170 Exception <a 'java/lang/NoSuchMethodError'{0x00000000d673e3e8}: 'void java.lang.invoke.Invokers$Holder.invokeExact_MT(java.lang.Object, java.lang.Object, java.lang.Object, java.lang.Object)'> (0x00000000d673e3e8) 
thrown [s\src\hotspot\share\interpreter\linkResolver.cpp, line 773]
Event: 19.946 Thread 0x00000122ff529170 Exception <a 'java/io/FileNotFoundException'{0x00000000d6a0a420}> (0x00000000d6a0a420) 
thrown [s\src\hotspot\share\prims\jni.cpp, line 520]
Event: 19.947 Thread 0x00000122ff529170 Exception <a 'java/io/FileNotFoundException'{0x00000000d6a115d8}> (0x00000000d6a115d8) 
thrown [s\src\hotspot\share\prims\jni.cpp, line 520]
Event: 20.052 Thread 0x00000122ff529170 Exception <a 'java/lang/NoSuchMethodError'{0x00000000d5c73a78}: 'java.lang.Object java.lang.invoke.DirectMethodHandle$Holder.newInvokeSpecial(java.lang.Object, java.lang.Object, java.lang.Object, java.lang.Object, java.lang.Object)'> (0x00000000d5c73a78) 
thrown [s\src\hotspot\share\interpreter\linkResolver.cpp, line 773]
Event: 20.321 Thread 0x00000122ff529170 Exception <a 'java/lang/NoSuchMethodError'{0x00000000d64fbe68}: 'java.lang.Object java.lang.invoke.DirectMethodHandle$Holder.invokeStaticInit(java.lang.Object, int)'> (0x00000000d64fbe68) 
thrown [s\src\hotspot\share\interpreter\linkResolver.cpp, line 773]
Event: 20.371 Thread 0x00000122ff529170 Exception <a 'java/lang/NoSuchMethodError'{0x00000000d67797f0}: 'java.lang.Object java.lang.invoke.DirectMethodHandle$Holder.invokeStaticInit(java.lang.Object, int, int, int, int)'> (0x00000000d67797f0) 
thrown [s\src\hotspot\share\interpreter\linkResolver.cpp, line 773]
Event: 20.455 Thread 0x00000122ff529170 Exception <a 'java/lang/NoSuchMethodError'{0x00000000d68d3f88}: 'java.lang.Object java.lang.invoke.DirectMethodHandle$Holder.invokeStaticInit(java.lang.Object, java.lang.Object, int, int, int, int)'> (0x00000000d68d3f88) 
thrown [s\src\hotspot\share\interpreter\linkResolver.cpp, line 773]
Event: 20.564 Thread 0x00000122ff529170 Exception <a 'java/lang/NoSuchMethodError'{0x00000000d69f5fd0}: 'void java.lang.invoke.DirectMethodHandle$Holder.invokeSpecial(java.lang.Object, java.lang.Object, java.lang.Object, int)'> (0x00000000d69f5fd0) 
thrown [s\src\hotspot\share\interpreter\linkResolver.cpp, line 773]
Event: 20.564 Thread 0x00000122ff529170 Exception <a 'java/lang/NoSuchMethodError'{0x00000000d69f9960}: 'void java.lang.invoke.DelegatingMethodHandle$Holder.reinvoke_L(java.lang.Object, java.lang.Object, int)'> (0x00000000d69f9960) 
thrown [s\src\hotspot\share\interpreter\linkResolver.cpp, line 773]
Event: 20.565 Thread 0x00000122ff529170 Exception <a 'java/lang/NoSuchMethodError'{0x00000000d6a00648}: 'int java.lang.invoke.Invokers$Holder.invokeExact_MT(java.lang.Object, java.lang.Object, java.lang.Object)'> (0x00000000d6a00648) 
thrown [s\src\hotspot\share\interpreter\linkResolver.cpp, line 773]
Event: 20.579 Thread 0x00000122ff529170 Exception <a 'java/lang/NoSuchMethodError'{0x00000000d6b25090}: 'void java.lang.invoke.Invokers$Holder.invokeExact_MT(java.lang.Object, java.lang.Object, int, java.lang.Object)'> (0x00000000d6b25090) 
thrown [s\src\hotspot\share\interpreter\linkResolver.cpp, line 773]

ZGC Phase Switch (0 events):
No events

VM Operations (20 events):
Event: 14.533 Executing VM operation: Cleanup done
Event: 17.562 Executing VM operation: Cleanup
Event: 17.562 Executing VM operation: Cleanup done
Event: 19.455 Executing VM operation: HandshakeAllThreads (Deoptimize)
Event: 19.455 Executing VM operation: HandshakeAllThreads (Deoptimize) done
Event: 19.455 Executing VM operation: Cleanup
Event: 19.455 Executing VM operation: Cleanup done
Event: 19.478 Executing VM operation: ParallelGCFailedAllocation (Allocation Failure)
Event: 19.484 Executing VM operation: ParallelGCFailedAllocation (Allocation Failure) done
Event: 19.960 Executing VM operation: HandshakeAllThreads (Deoptimize)
Event: 19.960 Executing VM operation: HandshakeAllThreads (Deoptimize) done
Event: 20.011 Executing VM operation: ICBufferFull
Event: 20.011 Executing VM operation: ICBufferFull done
Event: 20.020 Executing VM operation: ParallelGCFailedAllocation (Allocation Failure)
Event: 20.025 Executing VM operation: ParallelGCFailedAllocation (Allocation Failure) done
Event: 20.405 Executing VM operation: HandshakeAllThreads (Deoptimize)
Event: 20.405 Executing VM operation: HandshakeAllThreads (Deoptimize) done
Event: 20.555 Executing VM operation: HandshakeAllThreads (Deoptimize)
Event: 20.555 Executing VM operation: HandshakeAllThreads (Deoptimize) done
Event: 21.556 Executing VM operation: Cleanup

Memory protections (0 events):
No events

Nmethod flushes (0 events):
No events

Events (20 events):
Event: 1.586 Thread 0x00000122e694fcc0 Thread added: 0x00000122c50736b0
Event: 1.965 Thread 0x00000122ff5600e0 Thread exited: 0x00000122ff5600e0
Event: 10.804 Thread 0x00000122e694fcc0 Thread added: 0x00000122ffa95850
Event: 10.840 Thread 0x00000122ffa95850 Thread added: 0x00000122ff252820
Event: 10.917 Thread 0x00000122e694fcc0 Thread added: 0x00000122ff529170
Event: 10.960 Thread 0x00000122ff221be0 Thread added: 0x00000122ff72c2a0
Event: 11.075 Thread 0x00000122ff221be0 Thread added: 0x00000122ff6ea4f0
Event: 11.521 Thread 0x00000122ff6ea4f0 Thread exited: 0x00000122ff6ea4f0
Event: 11.521 Thread 0x00000122ff72c2a0 Thread exited: 0x00000122ff72c2a0
Event: 13.224 Thread 0x00000122ff221be0 Thread added: 0x00000122c53da840
Event: 13.284 Thread 0x00000122ff529170 Thread added: 0x00000122c51b99d0
Event: 13.508 Thread 0x00000122c53da840 Thread exited: 0x00000122c53da840
Event: 19.447 Thread 0x00000122ff529170 Thread added: 0x00000122ff7d1c60
Event: 19.554 Thread 0x00000122ff220380 Thread added: 0x00000122ffd61410
Event: 19.554 Thread 0x00000122ff220380 Thread added: 0x00000122ffd61ab0
Event: 19.769 Thread 0x00000122ff529170 Thread added: 0x00000122ff37e530
Event: 20.313 Thread 0x00000122ffd61410 Thread exited: 0x00000122ffd61410
Event: 20.313 Thread 0x00000122ffd61ab0 Thread exited: 0x00000122ffd61ab0
Event: 20.570 Thread 0x00000122ff529170 Thread added: 0x00000122ff37f8e0
Event: 20.670 Thread 0x00000122ff221be0 Thread added: 0x00000122c6841f90


Dynamic libraries:
0x00007ff6153e0000 - 0x00007ff6153ee000 	c:\Users\sande\.vscode\extensions\redhat.java-1.52.0-win32-x64\jre\21.0.9-win32-x86_64\bin\java.exe
0x00007ffaa9620000 - 0x00007ffaa9888000 	C:\WINDOWS\SYSTEM32\ntdll.dll
0x00007ffaa83e0000 - 0x00007ffaa84a9000 	C:\WINDOWS\System32\KERNEL32.DLL
0x00007ffaa65e0000 - 0x00007ffaa69d1000 	C:\WINDOWS\System32\KERNELBASE.dll
0x00007ffaa6490000 - 0x00007ffaa65db000 	C:\WINDOWS\System32\ucrtbase.dll
0x00007ffa79ea0000 - 0x00007ffa79eb8000 	c:\Users\sande\.vscode\extensions\redhat.java-1.52.0-win32-x64\jre\21.0.9-win32-x86_64\bin\jli.dll
0x00007ffa71dc0000 - 0x00007ffa71dde000 	c:\Users\sande\.vscode\extensions\redhat.java-1.52.0-win32-x64\jre\21.0.9-win32-x86_64\bin\VCRUNTIME140.dll
0x00007ffaa7780000 - 0x00007ffaa7946000 	C:\WINDOWS\System32\USER32.dll
0x00007ffa8f6b0000 - 0x00007ffa8f943000 	C:\WINDOWS\WinSxS\amd64_microsoft.windows.common-controls_6595b64144ccf1df_6.0.26100.7705_none_3e06597ae3363b04\COMCTL32.dll
0x00007ffaa6330000 - 0x00007ffaa6357000 	C:\WINDOWS\System32\win32u.dll
0x00007ffaa90f0000 - 0x00007ffaa9199000 	C:\WINDOWS\System32\msvcrt.dll
0x00007ffaa9030000 - 0x00007ffaa905b000 	C:\WINDOWS\System32\GDI32.dll
0x00007ffaa6360000 - 0x00007ffaa648b000 	C:\WINDOWS\System32\gdi32full.dll
0x00007ffaa6280000 - 0x00007ffaa6323000 	C:\WINDOWS\System32\msvcp_win.dll
0x00007ffaa9370000 - 0x00007ffaa93a1000 	C:\WINDOWS\System32\IMM32.DLL
0x00007ffaa3180000 - 0x00007ffaa318c000 	c:\Users\sande\.vscode\extensions\redhat.java-1.52.0-win32-x64\jre\21.0.9-win32-x86_64\bin\vcruntime140_1.dll
0x00007ffa37960000 - 0x00007ffa379ed000 	c:\Users\sande\.vscode\extensions\redhat.java-1.52.0-win32-x64\jre\21.0.9-win32-x86_64\bin\msvcp140.dll
0x00007ffa03b80000 - 0x00007ffa04920000 	c:\Users\sande\.vscode\extensions\redhat.java-1.52.0-win32-x64\jre\21.0.9-win32-x86_64\bin\server\jvm.dll
0x00007ffaa73c0000 - 0x00007ffaa7474000 	C:\WINDOWS\System32\ADVAPI32.dll
0x00007ffaa76d0000 - 0x00007ffaa7776000 	C:\WINDOWS\System32\sechost.dll
0x00007ffaa7480000 - 0x00007ffaa7598000 	C:\WINDOWS\System32\RPCRT4.dll
0x00007ffaa9070000 - 0x00007ffaa90e4000 	C:\WINDOWS\System32\WS2_32.dll
0x00007ffaa4b00000 - 0x00007ffaa4b5e000 	C:\WINDOWS\SYSTEM32\POWRPROF.dll
0x00007ffa918a0000 - 0x00007ffa918d5000 	C:\WINDOWS\SYSTEM32\WINMM.dll
0x00007ffa9d060000 - 0x00007ffa9d06b000 	C:\WINDOWS\SYSTEM32\VERSION.dll
0x00007ffaa4ae0000 - 0x00007ffaa4af4000 	C:\WINDOWS\SYSTEM32\UMPDC.dll
0x00007ffaa4dd0000 - 0x00007ffaa4deb000 	C:\WINDOWS\SYSTEM32\kernel.appcore.dll
0x00007ffa7f900000 - 0x00007ffa7f90a000 	c:\Users\sande\.vscode\extensions\redhat.java-1.52.0-win32-x64\jre\21.0.9-win32-x86_64\bin\jimage.dll
0x00007ffaa3be0000 - 0x00007ffaa3e22000 	C:\WINDOWS\SYSTEM32\DBGHELP.DLL
0x00007ffaa8590000 - 0x00007ffaa8916000 	C:\WINDOWS\System32\combase.dll
0x00007ffaa84b0000 - 0x00007ffaa8587000 	C:\WINDOWS\System32\OLEAUT32.dll
0x00007ffa8dd10000 - 0x00007ffa8dd4b000 	C:\WINDOWS\SYSTEM32\dbgcore.DLL
0x00007ffaa7310000 - 0x00007ffaa73b5000 	C:\WINDOWS\System32\bcryptPrimitives.dll
0x00007ffaa1040000 - 0x00007ffaa104f000 	c:\Users\sande\.vscode\extensions\redhat.java-1.52.0-win32-x64\jre\21.0.9-win32-x86_64\bin\instrument.dll
0x00007ffa605d0000 - 0x00007ffa605f0000 	c:\Users\sande\.vscode\extensions\redhat.java-1.52.0-win32-x64\jre\21.0.9-win32-x86_64\bin\java.dll
0x00007ffaa7c00000 - 0x00007ffaa8351000 	C:\WINDOWS\System32\SHELL32.dll
0x00007ffaa5f00000 - 0x00007ffaa606a000 	C:\WINDOWS\System32\wintypes.dll
0x00007ffaa6aa0000 - 0x00007ffaa7302000 	C:\WINDOWS\System32\windows.storage.dll
0x00007ffaa75d0000 - 0x00007ffaa76c6000 	C:\WINDOWS\System32\SHCORE.dll
0x00007ffaa8f20000 - 0x00007ffaa8f87000 	C:\WINDOWS\System32\shlwapi.dll
0x00007ffaa5e20000 - 0x00007ffaa5e49000 	C:\WINDOWS\SYSTEM32\profapi.dll
0x00007ffa3e5a0000 - 0x00007ffa3e5b8000 	c:\Users\sande\.vscode\extensions\redhat.java-1.52.0-win32-x64\jre\21.0.9-win32-x86_64\bin\zip.dll
0x00007ffa6f530000 - 0x00007ffa6f540000 	C:\Users\sande\.vscode\extensions\redhat.java-1.52.0-win32-x64\jre\21.0.9-win32-x86_64\bin\net.dll
0x00007ffa9ec30000 - 0x00007ffa9ed57000 	C:\WINDOWS\SYSTEM32\WINHTTP.dll
0x00007ffaa5340000 - 0x00007ffaa53ab000 	C:\WINDOWS\system32\mswsock.dll
0x00007ffa37940000 - 0x00007ffa37956000 	C:\Users\sande\.vscode\extensions\redhat.java-1.52.0-win32-x64\jre\21.0.9-win32-x86_64\bin\nio.dll
0x00007ffaa1030000 - 0x00007ffaa1040000 	c:\Users\sande\.vscode\extensions\redhat.java-1.52.0-win32-x64\jre\21.0.9-win32-x86_64\bin\verify.dll
0x00007ffaa0fe0000 - 0x00007ffaa1025000 	C:\Users\sande\AppData\Roaming\Code\User\globalStorage\redhat.java\1.52.0\config_win\org.eclipse.equinox.launcher\org.eclipse.equinox.launcher.win32.win32.x86_64_1.2.1500.v20260121-1430\eclipse_11919.dll
0x00007ffaa91c0000 - 0x00007ffaa9357000 	C:\WINDOWS\System32\ole32.dll
0x00007ffaa5600000 - 0x00007ffaa561b000 	C:\WINDOWS\SYSTEM32\CRYPTSP.dll
0x00007ffaa4d10000 - 0x00007ffaa4d49000 	C:\WINDOWS\system32\rsaenh.dll
0x00007ffaa53f0000 - 0x00007ffaa541b000 	C:\WINDOWS\SYSTEM32\USERENV.dll
0x00007ffaa5df0000 - 0x00007ffaa5e1a000 	C:\WINDOWS\SYSTEM32\bcrypt.dll
0x00007ffaa5620000 - 0x00007ffaa562c000 	C:\WINDOWS\SYSTEM32\CRYPTBASE.dll
0x00007ffaa47c0000 - 0x00007ffaa47f4000 	C:\WINDOWS\SYSTEM32\IPHLPAPI.DLL
0x00007ffaa91b0000 - 0x00007ffaa91ba000 	C:\WINDOWS\System32\NSI.dll
0x00007ffa7d9e0000 - 0x00007ffa7da29000 	C:\Users\sande\AppData\Local\Temp\jna-109203553\jna7167839271896240609.dll
0x00007ffaa91a0000 - 0x00007ffaa91a8000 	C:\WINDOWS\System32\PSAPI.DLL

JVMTI agents:
c:\Users\sande\.vscode\extensions\redhat.java-1.52.0-win32-x64\lombok\lombok-1.18.39-4050.jar path:c:\Users\sande\.vscode\extensions\redhat.java-1.52.0-win32-x64\jre\21.0.9-win32-x86_64\bin\instrument.dll, loaded, initialized, instrumentlib options:none

dbghelp: loaded successfully - version: 4.0.5 - missing functions: none
symbol engine: initialized successfully - sym options: 0x614 - pdb path: .;c:\Users\sande\.vscode\extensions\redhat.java-1.52.0-win32-x64\jre\21.0.9-win32-x86_64\bin;C:\WINDOWS\SYSTEM32;C:\WINDOWS\WinSxS\amd64_microsoft.windows.common-controls_6595b64144ccf1df_6.0.26100.7705_none_3e06597ae3363b04;c:\Users\sande\.vscode\extensions\redhat.java-1.52.0-win32-x64\jre\21.0.9-win32-x86_64\bin\server;C:\Users\sande\AppData\Roaming\Code\User\globalStorage\redhat.java\1.52.0\config_win\org.eclipse.equinox.launcher\org.eclipse.equinox.launcher.win32.win32.x86_64_1.2.1500.v20260121-1430;C:\Users\sande\AppData\Local\Temp\jna-109203553

VM Arguments:
jvm_args: --add-modules=ALL-SYSTEM --add-opens=java.base/java.util=ALL-UNNAMED --add-opens=java.base/java.lang=ALL-UNNAMED --add-opens=java.base/sun.nio.fs=ALL-UNNAMED -Declipse.application=org.eclipse.jdt.ls.core.id1 -Dosgi.bundles.defaultStartLevel=4 -Declipse.product=org.eclipse.jdt.ls.core.product -Djava.import.generatesMetadataFilesAtProjectRoot=false -DDetectVMInstallationsJob.disabled=true -Dfile.encoding=utf8 -XX:+UseParallelGC -XX:GCTimeRatio=4 -XX:AdaptiveSizePolicyWeight=90 -Dsun.zip.disableMemoryMapping=true -Xmx2G -Xms100m -Xlog:disable -javaagent:c:\Users\sande\.vscode\extensions\redhat.java-1.52.0-win32-x64\lombok\lombok-1.18.39-4050.jar -XX:+HeapDumpOnOutOfMemoryError -XX:HeapDumpPath=c:\Users\sande\AppData\Roaming\Code\User\workspaceStorage\c1189af7ad4b5b28f6591a4578dcf0ce\redhat.java -Daether.dependencyCollector.impl=bf 
java_command: c:\Users\sande\.vscode\extensions\redhat.java-1.52.0-win32-x64\server\plugins\org.eclipse.equinox.launcher_1.7.100.v20251111-0406.jar -configuration c:\Users\sande\AppData\Roaming\Code\User\globalStorage\redhat.java\1.52.0\config_win -data c:\Users\sande\AppData\Roaming\Code\User\workspaceStorage\c1189af7ad4b5b28f6591a4578dcf0ce\redhat.java\jdt_ws --pipe=\\.\pipe\lsp-757e98c087b95476589dcab66a9b46f3-sock
java_class_path (initial): c:\Users\sande\.vscode\extensions\redhat.java-1.52.0-win32-x64\server\plugins\org.eclipse.equinox.launcher_1.7.100.v20251111-0406.jar
Launcher Type: SUN_STANDARD

[Global flags]
    uintx AdaptiveSizePolicyWeight                 = 90                                        {product} {command line}
     intx CICompilerCount                          = 4                                         {product} {ergonomic}
    uintx GCTimeRatio                              = 4                                         {product} {command line}
     bool HeapDumpOnOutOfMemoryError               = true                                   {manageable} {command line}
    ccstr HeapDumpPath                             = c:\Users\sande\AppData\Roaming\Code\User\workspaceStorage\c1189af7ad4b5b28f6591a4578dcf0ce\redhat.java         {manageable} {command line}
   size_t InitialHeapSize                          = 104857600                                 {product} {command line}
   size_t MaxHeapSize                              = 2147483648                                {product} {command line}
   size_t MaxNewSize                               = 715653120                                 {product} {ergonomic}
   size_t MinHeapDeltaBytes                        = 524288                                    {product} {ergonomic}
   size_t MinHeapSize                              = 104857600                                 {product} {command line}
   size_t NewSize                                  = 34603008                                  {product} {ergonomic}
    uintx NonNMethodCodeHeapSize                   = 5839372                                {pd product} {ergonomic}
    uintx NonProfiledCodeHeapSize                  = 122909434                              {pd product} {ergonomic}
   size_t OldSize                                  = 70254592                                  {product} {ergonomic}
    uintx ProfiledCodeHeapSize                     = 122909434                              {pd product} {ergonomic}
    uintx ReservedCodeCacheSize                    = 251658240                              {pd product} {ergonomic}
     bool SegmentedCodeCache                       = true                                      {product} {ergonomic}
   size_t SoftMaxHeapSize                          = 2147483648                             {manageable} {ergonomic}
     bool UseCompressedOops                        = true                           {product lp64_product} {ergonomic}
     bool UseLargePagesIndividualAllocation        = false                                  {pd product} {ergonomic}
     bool UseParallelGC                            = true                                      {product} {command line}

Logging:
Log output configuration:
 #0: stdout all=off uptime,level,tags foldmultilines=false
 #1: stderr all=off uptime,level,tags foldmultilines=false

Release file:
JAVA_VERSION="21.0.9" 
MODULES="java.base java.compiler java.datatransfer java.xml java.prefs java.desktop java.instrument java.logging java.management java.security.sasl java.naming java.rmi java.management.rmi java.net.http java.scripting java.security.jgss java.transaction.xa java.sql java.sql.rowset java.xml.crypto java.se java.smartcardio jdk.accessibility jdk.internal.jvmstat jdk.attach jdk.charsets jdk.internal.opt jdk.zipfs jdk.compiler jdk.crypto.ec jdk.crypto.cryptoki jdk.crypto.mscapi jdk.dynalink jdk.internal.ed jdk.editpad jdk.hotspot.agent jdk.httpserver jdk.internal.le jdk.internal.vm.ci jdk.internal.vm.compiler jdk.internal.vm.compiler.management jdk.jartool jdk.javadoc jdk.jcmd jdk.management jdk.management.agent jdk.jconsole jdk.jdeps jdk.jdwp.agent jdk.jdi jdk.jfr jdk.jshell jdk.jsobject jdk.jstatd jdk.localedata jdk.management.jfr jdk.naming.dns jdk.naming.rmi jdk.net jdk.nio.mapmode jdk.random jdk.sctp jdk.security.auth jdk.security.jgss jdk.unsupported jdk.unsupported.desktop jdk.xml.dom" 

Environment Variables:
PATH=C:\Program Files\Common Files\Oracle\Java\javapath;C:\Python313\Scripts\;C:\Python313\;C:\Program Files\Python312\Scripts\;C:\Program Files\Python312\;C:\Windows\system32;C:\Windows;C:\Windows\System32\Wbem;C:\Windows\System32\WindowsPowerShell\v1.0\;C:\Windows\System32\OpenSSH\;C:\Program Files (x86)\NVIDIA Corporation\PhysX\Common;C:\WINDOWS\system32;C:\WINDOWS;C:\WINDOWS\System32\Wbem;C:\WINDOWS\System32\WindowsPowerShell\v1.0\;C:\WINDOWS\System32\OpenSSH\;C:\Program Files\Git\bin;C:\Program Files\NVIDIA Corporation\NVIDIA NvDLISR;C:\Program Files\GTK3-Runtime Win64\bin;C:\Users\sande\Downloads\kotlin-compiler-1.9.22\kotlinc\bin;C:\Program Files\Azure Data Studio\bin;C:\Program Files\MySQL\MySQL Server 8.0\bin;C:\Users\sande\AppData\Local\Android\Sdk;C:\Users\sande\AppData\Local\Android\Sdk\platform-tools;C:\WINDOWS\system32;C:\WINDOWS;C:\WINDOWS\System32\Wbem;C:\WINDOWS\System32\WindowsPowerShell\v1.0\;C:\WINDOWS\System32\OpenSSH\;C:\ProgramData\chocolatey\bin;C:\Program Files\nodejs;C:\Users\sande\AppData\Local\nvm;C:\nvm4w\nodejs;C:\MinGW\bin;C:\Program Files\Go\bin;C:\Users\sande\Downloads\apache-maven-3.9.9\bin;C:\Program Files\PuTTY\;C:\Program Files\Docker\Docker\resources\bin;C:\Program Files\Java\jdk-17\bin;C:\Users\sande\AppData\Local\Android\Sdk\tools;C:\Program Files\MySQL\MySQL Shell 8.0\bin\;C:\Users\sande\AppData\Local\Microsoft\WindowsApps;C:\Program Files\JetBrains\IntelliJ IDEA Community Edition 2023.1.2\bin;;C:\Users\sande\AppData\Local\Programs\Microsoft VS Code\bin;C:\Users\sande\dart-sdk\bin;C:\Users\sande\Desktop\flutter_windows_3.16.5-stable\flutter\bin;C:\Program Files\Azure Data Studio\bin;C:\ProgramData\Microsoft\Windows\Start Menu\Programs\Python 3.12\Python 3.12 (64-bit).lnk;C:\Program Files\Python312\Scripts;C:\Mongosh\;C:\Users\sande\AppData\Local\nvm;C:\nvm4w\nodejs;C:\Users\sande\go\bin;C:\Program Files\JetBrains\IntelliJ IDEA 2024.3.5\bin;;C:\Program Files\Java\jdk-17\bin;C:\Program Files\Java\jdk-17\;C:\Users\sande\AppData\Local\Programs\Antigravity\bin
USERNAME=sande
OS=Windows_NT
PROCESSOR_IDENTIFIER=Intel64 Family 6 Model 165 Stepping 2, GenuineIntel
TMP=C:\Users\sande\AppData\Local\Temp
TEMP=C:\Users\sande\AppData\Local\Temp




Periodic native trim disabled

---------------  S Y S T E M  ---------------

OS:
 Windows 11 , 64 bit Build 26100 (10.0.26100.7705)
OS uptime: 0 days 1:51 hours
Hyper-V role detected

CPU: total 12 (initial active 12) (6 cores per cpu, 2 threads per core) family 6 model 165 stepping 2 microcode 0xf6, cx8, cmov, fxsr, ht, mmx, 3dnowpref, sse, sse2, sse3, ssse3, sse4.1, sse4.2, popcnt, lzcnt, tsc, tscinvbit, avx, avx2, aes, erms, clmul, bmi1, bmi2, adx, fma, vzeroupper, clflush, clflushopt, hv, rdtscp, f16c
Processor Information for the first 12 processors :
  Max Mhz: 2496, Current Mhz: 2496, Mhz Limit: 2496

Memory: 4k page, system-wide physical 8059M (611M free)
TotalPageFile size 32635M (AvailPageFile size 20M)
current process WorkingSet (physical memory assigned to process): 134M, peak: 144M
current process commit charge ("private bytes"): 282M, peak: 294M

vm_info: OpenJDK 64-Bit Server VM (21.0.9+10-LTS) for windows-amd64 JRE (21.0.9+10-LTS), built on 2025-10-21T00:00:00Z by "admin" with unknown MS VC++:1942

END.
